2024-09-27 14:53:46,615 [INFO] Activator:176 - 


2024-09-27 14:53:46,618 [INFO] Activator:177 - !SESSION log4j initialized
2024-09-27 14:53:51,354 [INFO] LogOutputStream:77 - [STDOUT_REDIRECT] 
2024-09-27 14:53:56,278 [INFO] ApplicationProperties:184 - Using Application install path: C:\ST\STM32CubeIDE_1.16.0\STM32CubeIDE\plugins\com.st.stm32cube.common.mx_6.12.1.202409122256
2024-09-27 14:53:56,292 [INFO] DbMcusXml:78 - Set database path to: C:\ST\STM32CubeIDE_1.16.0\STM32CubeIDE\plugins\com.st.stm32cube.common.mx_6.12.1.202409122256\\db\/mcu/
2024-09-27 14:53:56,293 [INFO] ApiDb:274 - Set plugin database path to: C:\ST\STM32CubeIDE_1.16.0\STM32CubeIDE\plugins\com.st.stm32cube.common.mx_6.12.1.202409122256\\db\/plugins/boardmanager/
2024-09-27 14:53:56,294 [WARN] ApiDb:259 - Overriding images path with different value:  => C:\ST\STM32CubeIDE_1.16.0\STM32CubeIDE\plugins\com.st.stm32cube.common.mx_6.12.1.202409122256\\db\/plugins/mcufinder/images/
2024-09-27 14:53:56,301 [INFO] ApiDb:250 - Set database path to: C:\Users\marko\.stmcufinder\plugins\mcufinder//mcu/
2024-09-27 14:53:56,301 [INFO] DbMcusAds:125 - Set database path to: C:\Users\marko\.stmcufinder\plugins\mcufinder//mcu/
2024-09-27 14:53:56,304 [INFO] CrossReferenceDbSqlite:203 - Set database path to: C:\Users\marko\.stmcufinder\plugins\mcufinder//mcu/cs/
2024-09-27 14:53:56,393 [INFO] RulesReader:64 - Compatibility file has been processed (297 Rules)
2024-09-27 14:53:56,457 [INFO] DbMcusXml:78 - Set database path to: C:\ST\STM32CubeIDE_1.16.0\STM32CubeIDE\plugins\com.st.stm32cube.common.mx_6.12.1.202409122256\\db\/mcu/
2024-09-27 14:53:56,457 [INFO] ApiDb:274 - Set plugin database path to: C:\ST\STM32CubeIDE_1.16.0\STM32CubeIDE\plugins\com.st.stm32cube.common.mx_6.12.1.202409122256\\db\/plugins/boardmanager/
2024-09-27 14:53:56,458 [INFO] ApiDb:261 - Set plugin images path to: C:\ST\STM32CubeIDE_1.16.0\STM32CubeIDE\plugins\com.st.stm32cube.common.mx_6.12.1.202409122256\\db\/plugins/mcufinder/images/
2024-09-27 14:53:56,458 [WARN] DbFile:41 - Overriding database path with different value: C:\Users\marko\.stmcufinder\plugins\mcufinder/ => C:\Users\marko\.stmcufinder\plugins\mcufinder
2024-09-27 14:53:56,458 [INFO] ApiDb:250 - Set database path to: C:\Users\marko\.stmcufinder\plugins\mcufinder//mcu/
2024-09-27 14:53:56,458 [WARN] DbFile:41 - Overriding database path with different value: C:\Users\marko\.stmcufinder\plugins\mcufinder/ => C:\Users\marko\.stmcufinder\plugins\mcufinder
2024-09-27 14:53:56,458 [INFO] DbMcusAds:125 - Set database path to: C:\Users\marko\.stmcufinder\plugins\mcufinder//mcu/
2024-09-27 14:53:56,458 [WARN] DbFile:41 - Overriding database path with different value: C:\Users\marko\.stmcufinder\plugins\mcufinder/ => C:\Users\marko\.stmcufinder\plugins\mcufinder
2024-09-27 14:53:56,458 [WARN] DbFile:41 - Overriding database path with different value: C:\Users\marko\.stmcufinder\plugins\mcufinder/ => C:\Users\marko\.stmcufinder\plugins\mcufinder
2024-09-27 14:53:56,458 [INFO] CrossReferenceDbSqlite:203 - Set database path to: C:\Users\marko\.stmcufinder\plugins\mcufinder//mcu/cs/
2024-09-27 14:53:56,526 [INFO] MainPanel:268 - HeapMemory: 268435456
2024-09-27 14:53:56,661 [INFO] DbMcusXml:78 - Set database path to: C:\ST\STM32CubeIDE_1.16.0\STM32CubeIDE\plugins\com.st.stm32cube.common.mx_6.12.1.202409122256\\db\/mcu/
2024-09-27 14:53:56,661 [INFO] ApiDb:274 - Set plugin database path to: C:\ST\STM32CubeIDE_1.16.0\STM32CubeIDE\plugins\com.st.stm32cube.common.mx_6.12.1.202409122256\\db\/plugins/boardmanager/
2024-09-27 14:53:56,661 [INFO] ApiDb:261 - Set plugin images path to: C:\ST\STM32CubeIDE_1.16.0\STM32CubeIDE\plugins\com.st.stm32cube.common.mx_6.12.1.202409122256\\db\/plugins/mcufinder/images/
2024-09-27 14:53:56,661 [WARN] DbFile:41 - Overriding database path with different value: C:\Users\marko\.stmcufinder\plugins\mcufinder/ => C:\Users\marko\.stmcufinder\plugins\mcufinder
2024-09-27 14:53:56,661 [INFO] ApiDb:250 - Set database path to: C:\Users\marko\.stmcufinder\plugins\mcufinder//mcu/
2024-09-27 14:53:56,661 [WARN] DbFile:41 - Overriding database path with different value: C:\Users\marko\.stmcufinder\plugins\mcufinder/ => C:\Users\marko\.stmcufinder\plugins\mcufinder
2024-09-27 14:53:56,662 [INFO] DbMcusAds:125 - Set database path to: C:\Users\marko\.stmcufinder\plugins\mcufinder//mcu/
2024-09-27 14:53:56,662 [WARN] DbFile:41 - Overriding database path with different value: C:\Users\marko\.stmcufinder\plugins\mcufinder/ => C:\Users\marko\.stmcufinder\plugins\mcufinder
2024-09-27 14:53:56,662 [WARN] DbFile:41 - Overriding database path with different value: C:\Users\marko\.stmcufinder\plugins\mcufinder/ => C:\Users\marko\.stmcufinder\plugins\mcufinder
2024-09-27 14:53:56,662 [INFO] CrossReferenceDbSqlite:203 - Set database path to: C:\Users\marko\.stmcufinder\plugins\mcufinder//mcu/cs/
2024-09-27 14:53:56,675 [INFO] ApplicationProperties:184 - Using Application install path: C:\ST\STM32CubeIDE_1.16.0\STM32CubeIDE\plugins\com.st.stm32cube.common.mx_6.12.1.202409122256
2024-09-27 14:53:56,677 [INFO] PluginManage:196 - Search for loadable plugins [exclusion list=, ]
2024-09-27 14:53:56,678 [INFO] PluginManage:310 - Check plugin analytics
2024-09-27 14:53:56,806 [INFO] AnalyticsPlugin:253 - Accepted Software Licenses: 
2024-09-27 14:53:56,806 [INFO] AnalyticsPlugin:255 - Accepted CMSIS Pack Licenses: 
2024-09-27 14:53:56,806 [INFO] AnalyticsPlugin:257 - Accepted Firmware Licenses: FW.F4.1.28.0
2024-09-27 14:53:56,809 [INFO] PluginManage:359 - Loaded plugin analytics (category:tool,tabindex:-1)
2024-09-27 14:53:56,809 [INFO] PluginManage:310 - Check plugin cadmodel
2024-09-27 14:53:56,821 [INFO] CADModel:105 - Init CAD model plugin
2024-09-27 14:53:56,821 [INFO] PluginManage:359 - Loaded plugin cadmodel (category:power,tabindex:5)
2024-09-27 14:53:56,821 [INFO] PluginManage:310 - Check plugin clock
2024-09-27 14:53:56,834 [INFO] PluginManage:359 - Loaded plugin clock (category:base,tabindex:2)
2024-09-27 14:53:56,834 [INFO] PluginManage:310 - Check plugin ddr
2024-09-27 14:53:56,836 [INFO] PluginManage:359 - Loaded plugin ddr (category:tool,tabindex:6)
2024-09-27 14:53:56,836 [INFO] PluginManage:310 - Check plugin filemanager
2024-09-27 14:53:56,954 [INFO] PluginManage:359 - Loaded plugin filemanager (category:base,tabindex:10)
2024-09-27 14:53:56,954 [INFO] PluginManage:310 - Check plugin ipmanager
2024-09-27 14:53:56,959 [INFO] PluginManage:359 - Loaded plugin ipmanager (category:base,tabindex:5)
2024-09-27 14:53:56,959 [INFO] PluginManage:310 - Check plugin lpbam
2024-09-27 14:53:56,974 [INFO] PluginManage:359 - Loaded plugin lpbam (category:base,tabindex:0)
2024-09-27 14:53:56,975 [INFO] PluginManage:310 - Check plugin memorymap
2024-09-27 14:53:56,993 [INFO] PluginManage:359 - Loaded plugin memorymap (category:base,tabindex:4)
2024-09-27 14:53:56,994 [INFO] PluginManage:310 - Check plugin pinoutandconfiguration
2024-09-27 14:53:57,007 [INFO] PluginManage:359 - Loaded plugin pinoutandconfiguration (category:base,tabindex:1)
2024-09-27 14:53:57,007 [INFO] PluginManage:310 - Check plugin pinoutconfig
2024-09-27 14:53:57,093 [WARN] SupportedApi:132 - Cannot load RTOS API schema: s4s-elt-must-match.1: The content of 'definitions' must match (annotation?, (simpleType | complexType)?, (unique | key | keyref)*)). A problem was found starting at: attribute.
2024-09-27 14:53:57,209 [INFO] PluginManage:359 - Loaded plugin pinoutconfig (category:base,tabindex:0)
2024-09-27 14:53:57,210 [INFO] PluginManage:310 - Check plugin power
2024-09-27 14:53:57,224 [INFO] PluginManage:359 - Loaded plugin power (category:power,tabindex:4)
2024-09-27 14:53:57,224 [INFO] PluginManage:310 - Check plugin projectmanager
2024-09-27 14:53:57,235 [INFO] PluginManage:359 - Loaded plugin projectmanager (category:projectmanager,tabindex:4)
2024-09-27 14:53:57,236 [INFO] PluginManage:310 - Check plugin rif
2024-09-27 14:53:57,248 [INFO] PluginManage:359 - Loaded plugin rif (category:base,tabindex:3)
2024-09-27 14:53:57,249 [INFO] PluginManage:310 - Check plugin thirdparty
2024-09-27 14:53:57,478 [INFO] PluginManage:359 - Loaded plugin thirdparty (category:base,tabindex:-1)
2024-09-27 14:53:57,478 [INFO] PluginManage:310 - Check plugin tools
2024-09-27 14:53:57,478 [WARN] IntegrityCheckThread:84 - waiting for thirdparty lock release [integrity check]
2024-09-27 14:53:57,478 [INFO] IntegrityCheckThread:86 - entering critical section [integrity check]
2024-09-27 14:53:57,479 [INFO] ThirdPartyUpdaterWithRetryManager:70 - Updater plugin not ready yet. [1/15]
2024-09-27 14:53:57,508 [INFO] PluginManage:359 - Loaded plugin tools (category:base,tabindex:7)
2024-09-27 14:53:57,509 [INFO] PluginManage:310 - Check plugin tutovideos
2024-09-27 14:53:57,668 [INFO] PluginManage:359 - Loaded plugin tutovideos (category:base,tabindex:-1)
2024-09-27 14:53:57,668 [INFO] PluginManage:310 - Check plugin updater
2024-09-27 14:53:57,683 [INFO] PluginManage:359 - Loaded plugin updater (category:base,tabindex:12)
2024-09-27 14:53:57,683 [INFO] PluginManage:310 - Check plugin userauth
2024-09-27 14:53:57,688 [INFO] UserAuth:113 - Init User Auth plugin
2024-09-27 14:53:57,688 [INFO] PluginManage:359 - Loaded plugin userauth (category:base,tabindex:14)
2024-09-27 14:53:57,688 [INFO] PluginManage:283 - PluginManage : Loaded plugins [18]
2024-09-27 14:53:57,856 [INFO] PinOutPanel:1561 - setPackage(No Configuration,No Configuration)
2024-09-27 14:53:57,921 [INFO] CADModel:165 - CPN selected for project level
2024-09-27 14:53:57,921 [INFO] CADModel:114 - Register for checkConnection events
2024-09-27 14:53:57,943 [INFO] IPUIPlugin:80 - create IPUIPlugin
2024-09-27 14:53:57,943 [INFO] PluginManager:220 - loadIPPluginJar : add adc
2024-09-27 14:53:57,981 [INFO] IPUIPlugin:80 - create IPUIPlugin
2024-09-27 14:53:57,981 [INFO] PluginManager:220 - loadIPPluginJar : add aes
2024-09-27 14:53:58,025 [INFO] IPUIPlugin:80 - create IPUIPlugin
2024-09-27 14:53:58,026 [INFO] PluginManager:220 - loadIPPluginJar : add can
2024-09-27 14:53:58,045 [INFO] IPUIPlugin:80 - create IPUIPlugin
2024-09-27 14:53:58,045 [INFO] PluginManager:220 - loadIPPluginJar : add comp
2024-09-27 14:53:58,068 [INFO] IPUIPlugin:80 - create IPUIPlugin
2024-09-27 14:53:58,068 [INFO] PluginManager:220 - loadIPPluginJar : add cryp
2024-09-27 14:53:58,078 [INFO] IPUIPlugin:80 - create IPUIPlugin
2024-09-27 14:53:58,078 [INFO] PluginManager:220 - loadIPPluginJar : add ddr_ctrl_phy
2024-09-27 14:53:58,099 [INFO] IPUIPlugin:80 - create IPUIPlugin
2024-09-27 14:53:58,099 [INFO] PluginManager:220 - loadIPPluginJar : add dfsdm
2024-09-27 14:53:58,112 [INFO] IPUIPlugin:80 - create IPUIPlugin
2024-09-27 14:53:58,113 [INFO] PluginManager:220 - loadIPPluginJar : add dma
2024-09-27 14:53:58,145 [INFO] IPUIPlugin:80 - create IPUIPlugin
2024-09-27 14:53:58,145 [INFO] PluginManager:220 - loadIPPluginJar : add dma3
2024-09-27 14:53:58,180 [INFO] IPUIPlugin:80 - create IPUIPlugin
2024-09-27 14:53:58,180 [INFO] PluginManager:220 - loadIPPluginJar : add extmemmanager
2024-09-27 14:53:58,196 [INFO] IPUIPlugin:80 - create IPUIPlugin
2024-09-27 14:53:58,196 [INFO] PluginManager:220 - loadIPPluginJar : add fatfs
2024-09-27 14:53:58,247 [INFO] IPUIPlugin:80 - create IPUIPlugin
2024-09-27 14:53:58,247 [INFO] PluginManager:220 - loadIPPluginJar : add fmc
2024-09-27 14:53:58,259 [INFO] IPUIPlugin:80 - create IPUIPlugin
2024-09-27 14:53:58,259 [INFO] PluginManager:220 - loadIPPluginJar : add freertos
2024-09-27 14:53:58,279 [INFO] IPUIPlugin:80 - create IPUIPlugin
2024-09-27 14:53:58,279 [INFO] PluginManager:220 - loadIPPluginJar : add genericplugin
2024-09-27 14:53:58,368 [INFO] IPUIPlugin:80 - create IPUIPlugin
2024-09-27 14:53:58,368 [INFO] PluginManager:220 - loadIPPluginJar : add gfxmmu
2024-09-27 14:53:58,513 [INFO] IPUIPlugin:80 - create IPUIPlugin
2024-09-27 14:53:58,513 [INFO] PluginManager:220 - loadIPPluginJar : add gic
2024-09-27 14:53:58,527 [INFO] IPUIPlugin:80 - create IPUIPlugin
2024-09-27 14:53:58,527 [INFO] PluginManager:220 - loadIPPluginJar : add gpio
2024-09-27 14:53:58,603 [INFO] IPUIPlugin:80 - create IPUIPlugin
2024-09-27 14:53:58,603 [INFO] PluginManager:220 - loadIPPluginJar : add gtzc
2024-09-27 14:53:58,631 [INFO] IPUIPlugin:80 - create IPUIPlugin
2024-09-27 14:53:58,631 [INFO] PluginManager:220 - loadIPPluginJar : add hash
2024-09-27 14:53:58,688 [INFO] IPUIPlugin:80 - create IPUIPlugin
2024-09-27 14:53:58,688 [INFO] PluginManager:220 - loadIPPluginJar : add i2c
2024-09-27 14:53:58,731 [INFO] IPUIPlugin:80 - create IPUIPlugin
2024-09-27 14:53:58,732 [INFO] PluginManager:220 - loadIPPluginJar : add i2s
2024-09-27 14:53:58,776 [INFO] IPUIPlugin:80 - create IPUIPlugin
2024-09-27 14:53:58,776 [INFO] PluginManager:220 - loadIPPluginJar : add i3c
2024-09-27 14:53:58,894 [INFO] IPUIPlugin:80 - create IPUIPlugin
2024-09-27 14:53:58,895 [INFO] PluginManager:220 - loadIPPluginJar : add ipddr
2024-09-27 14:53:58,995 [INFO] IPUIPlugin:80 - create IPUIPlugin
2024-09-27 14:53:58,996 [INFO] PluginManager:220 - loadIPPluginJar : add linkedlist
2024-09-27 14:53:59,034 [INFO] IPUIPlugin:80 - create IPUIPlugin
2024-09-27 14:53:59,035 [INFO] PluginManager:220 - loadIPPluginJar : add lorawan
2024-09-27 14:53:59,075 [INFO] IPUIPlugin:80 - create IPUIPlugin
2024-09-27 14:53:59,075 [INFO] PluginManager:220 - loadIPPluginJar : add ltdc
2024-09-27 14:53:59,087 [INFO] IPUIPlugin:80 - create IPUIPlugin
2024-09-27 14:53:59,087 [INFO] PluginManager:220 - loadIPPluginJar : add mdma
2024-09-27 14:53:59,098 [INFO] IPUIPlugin:80 - create IPUIPlugin
2024-09-27 14:53:59,098 [INFO] PluginManager:220 - loadIPPluginJar : add nvic
2024-09-27 14:53:59,133 [INFO] IPUIPlugin:80 - create IPUIPlugin
2024-09-27 14:53:59,133 [INFO] PluginManager:220 - loadIPPluginJar : add opamp
2024-09-27 14:53:59,196 [INFO] IPUIPlugin:80 - create IPUIPlugin
2024-09-27 14:53:59,196 [INFO] PluginManager:220 - loadIPPluginJar : add openamp
2024-09-27 14:53:59,242 [INFO] IPUIPlugin:80 - create IPUIPlugin
2024-09-27 14:53:59,242 [INFO] PluginManager:220 - loadIPPluginJar : add pdm2pcm
2024-09-27 14:53:59,254 [INFO] IPUIPlugin:80 - create IPUIPlugin
2024-09-27 14:53:59,256 [INFO] PluginManager:220 - loadIPPluginJar : add plateformsettings
2024-09-27 14:53:59,277 [INFO] IPUIPlugin:80 - create IPUIPlugin
2024-09-27 14:53:59,277 [INFO] PluginManager:220 - loadIPPluginJar : add quadspi
2024-09-27 14:53:59,302 [INFO] IPUIPlugin:80 - create IPUIPlugin
2024-09-27 14:53:59,303 [INFO] PluginManager:220 - loadIPPluginJar : add radio
2024-09-27 14:53:59,313 [INFO] IPUIPlugin:80 - create IPUIPlugin
2024-09-27 14:53:59,313 [INFO] PluginManager:220 - loadIPPluginJar : add resmgrutility
2024-09-27 14:53:59,364 [INFO] IPUIPlugin:80 - create IPUIPlugin
2024-09-27 14:53:59,364 [INFO] PluginManager:220 - loadIPPluginJar : add sai
2024-09-27 14:53:59,403 [INFO] IPUIPlugin:80 - create IPUIPlugin
2024-09-27 14:53:59,403 [INFO] PluginManager:220 - loadIPPluginJar : add spi
2024-09-27 14:53:59,476 [INFO] IPUIPlugin:80 - create IPUIPlugin
2024-09-27 14:53:59,476 [INFO] PluginManager:220 - loadIPPluginJar : add stm32_wpan
2024-09-27 14:53:59,502 [INFO] IPUIPlugin:80 - create IPUIPlugin
2024-09-27 14:53:59,502 [INFO] PluginManager:220 - loadIPPluginJar : add tim
2024-09-27 14:53:59,556 [INFO] IPUIPlugin:80 - create IPUIPlugin
2024-09-27 14:53:59,556 [INFO] PluginManager:220 - loadIPPluginJar : add touchsensing
2024-09-27 14:53:59,579 [INFO] IPUIPlugin:80 - create IPUIPlugin
2024-09-27 14:53:59,579 [INFO] PluginManager:220 - loadIPPluginJar : add tracer_emb
2024-09-27 14:53:59,603 [INFO] IPUIPlugin:80 - create IPUIPlugin
2024-09-27 14:53:59,603 [INFO] PluginManager:220 - loadIPPluginJar : add ts
2024-09-27 14:53:59,624 [INFO] IPUIPlugin:80 - create IPUIPlugin
2024-09-27 14:53:59,624 [INFO] PluginManager:220 - loadIPPluginJar : add tsc
2024-09-27 14:53:59,641 [INFO] IPUIPlugin:80 - create IPUIPlugin
2024-09-27 14:53:59,641 [INFO] PluginManager:220 - loadIPPluginJar : add ucpd
2024-09-27 14:53:59,689 [INFO] IPUIPlugin:80 - create IPUIPlugin
2024-09-27 14:53:59,689 [INFO] PluginManager:220 - loadIPPluginJar : add usart
2024-09-27 14:53:59,723 [INFO] IPUIPlugin:80 - create IPUIPlugin
2024-09-27 14:53:59,723 [INFO] PluginManager:220 - loadIPPluginJar : add usbx
2024-09-27 14:53:59,837 [INFO] CADModel:165 - CPN selected for project level
2024-09-27 14:53:59,837 [INFO] CADModel:114 - Register for checkConnection events
2024-09-27 14:53:59,837 [FATAL] Updater:334 - Updater called before beeing initialized
2024-09-27 14:53:59,837 [ERROR] CADModel:125 - Updater not yet initialized, retry later 
2024-09-27 14:53:59,942 [INFO] CADModel:165 - CPN selected for project level
2024-09-27 14:53:59,942 [INFO] CADModel:114 - Register for checkConnection events
2024-09-27 14:53:59,942 [FATAL] Updater:334 - Updater called before beeing initialized
2024-09-27 14:53:59,942 [ERROR] CADModel:125 - Updater not yet initialized, retry later 
2024-09-27 14:53:59,944 [FATAL] Updater:334 - Updater called before beeing initialized
2024-09-27 14:54:00,041 [FATAL] Updater:334 - Updater called before beeing initialized
2024-09-27 14:54:00,051 [INFO] DbMcusAds:53 - JSON generation date=Fri Sep 20 15:04:23 CEST 2024 (1726837463098)
2024-09-27 14:54:00,051 [FATAL] Updater:334 - Updater called before beeing initialized
2024-09-27 14:54:00,079 [WARN] DetailPanel:346 - Failed to get advertising image, set to default
2024-09-27 14:54:00,138 [FATAL] Updater:334 - Updater called before beeing initialized
2024-09-27 14:54:00,139 [FATAL] Updater:334 - Updater called before beeing initialized
2024-09-27 14:54:00,139 [FATAL] Updater:334 - Updater called before beeing initialized
2024-09-27 14:54:00,140 [WARN] DetailPanel:346 - Failed to get advertising image, set to default
2024-09-27 14:54:00,141 [FATAL] Updater:334 - Updater called before beeing initialized
2024-09-27 14:54:00,203 [ERROR] Updater:1164 - MainUpdater not yet initialized. External WinMGr cannot be set.
2024-09-27 14:54:00,212 [INFO] Updater:1100 - Updater Version found : 6.12.1
2024-09-27 14:54:00,235 [INFO] ApplicationProperties:184 - Using Application install path: C:\ST\STM32CubeIDE_1.16.0\STM32CubeIDE\plugins\com.st.stm32cube.common.mx_6.12.1.202409122256
2024-09-27 14:54:00,481 [INFO] ThirdPartyUpdaterWithRetryManager:70 - Updater plugin not ready yet. [2/15]
2024-09-27 14:54:01,808 [ERROR] LogOutputStream:75 - [STDERR_REDIRECT] Sep 27, 2024 2:54:01 PM java.util.prefs.WindowsPreferences <init>
2024-09-27 14:54:01,809 [ERROR] LogOutputStream:75 - [STDERR_REDIRECT] WARNING: Could not open/create prefs root node Software\JavaSoft\Prefs at root 0xffffffff80000002. Windows RegCreateKeyEx(...) returned error code 5.
2024-09-27 14:54:01,810 [ERROR] LogOutputStream:75 - [STDERR_REDIRECT] 
2024-09-27 14:54:02,158 [INFO] MainUpdater:2873 - connection check result : 10
2024-09-27 14:54:02,160 [INFO] MainUpdater:290 - Updater Check For Update Now.
2024-09-27 14:54:02,160 [INFO] MicroXplorer:498 - Change Database Version : DB.6.0.121
2024-09-27 14:54:02,178 [INFO] McuFinderGlobals:63 - Set McuFinder mode to 2 (CubeIDE integrated)
2024-09-27 14:54:02,184 [INFO] UserAuth:417 - Internet connection configuration mode: 1
2024-09-27 14:54:02,229 [INFO] JxBrowserEngine:152 - Initiate JxBrowser Engine with user profile folder
2024-09-27 14:54:02,355 [INFO] CheckServerUpdateThread:120 - End of CheckServer Thread
2024-09-27 14:54:03,636 [WARN] PackLoader:240 - Cannot read IP mode file for STMicroelectronics.FP-SNS-MOTENVWB1.1.4.0
2024-09-27 14:54:03,652 [WARN] PackLoader:240 - Cannot read IP mode file for STMicroelectronics.X-CUBE-SMBUS.2.1.0
2024-09-27 14:54:03,687 [WARN] PackLoader:240 - Cannot read IP mode file for STMicroelectronics.X-CUBE-AZRTOS-F7.1.1.0
2024-09-27 14:54:03,749 [WARN] PackLoader:240 - Cannot read IP mode file for STMicroelectronics.X-CUBE-MEMS1.11.0.0
2024-09-27 14:54:03,857 [WARN] PackLoader:240 - Cannot read IP mode file for STMicroelectronics.FP-SNS-FLIGHT1.5.0.2
2024-09-27 14:54:03,869 [WARN] PackLoader:240 - Cannot read IP mode file for STMicroelectronics.X-CUBE-DISPLAY.3.0.0
2024-09-27 14:54:03,885 [WARN] PackLoader:240 - Cannot read IP mode file for STMicroelectronics.X-CUBE-BLE1.7.0.0
2024-09-27 14:54:03,896 [WARN] PackLoader:240 - Cannot read IP mode file for STMicroelectronics.X-CUBE-NFC10.1.0.0
2024-09-27 14:54:03,914 [WARN] PackLoader:240 - Cannot read IP mode file for emotas.I-CUBE-CANOPEN.1.3.0
2024-09-27 14:54:03,929 [WARN] PackLoader:240 - Cannot read IP mode file for STMicroelectronics.X-CUBE-BLEMGR.3.1.0
2024-09-27 14:54:03,940 [WARN] PackLoader:240 - Cannot read IP mode file for STMicroelectronics.FP-SNS-SMARTAG2.1.2.0
2024-09-27 14:54:03,980 [INFO] LogOutputStream:77 - [STDOUT_REDIRECT] 1 : Invalid condition id : UX_CORESTACK_Condition cause : null
2024-09-27 14:54:03,981 [INFO] LogOutputStream:77 - [STDOUT_REDIRECT] 1 : Invalid condition id : UX_CORESTACK_Condition cause : null
2024-09-27 14:54:03,982 [INFO] LogOutputStream:77 - [STDOUT_REDIRECT] 1 : Invalid condition id : UX_CORESTACK_Condition cause : null
2024-09-27 14:54:03,984 [INFO] LogOutputStream:77 - [STDOUT_REDIRECT] 1 : Invalid condition id : UX_CORESTACK_Condition cause : null
2024-09-27 14:54:03,986 [INFO] LogOutputStream:77 - [STDOUT_REDIRECT] 1 : Invalid condition id : UX_CORESTACK_Condition cause : null
2024-09-27 14:54:03,989 [WARN] PackLoader:240 - Cannot read IP mode file for STMicroelectronics.X-CUBE-AZRTOS-WL.2.0.0
2024-09-27 14:54:04,001 [WARN] PackLoader:240 - Cannot read IP mode file for STMicroelectronics.FP-SNS-MOTENV1.5.0.0
2024-09-27 14:54:04,012 [WARN] PackLoader:240 - Cannot read IP mode file for wolfSSL.I-CUBE-wolfMQTT.1.19.0
2024-09-27 14:54:04,027 [WARN] PackLoader:240 - Cannot read IP mode file for WES.I-CUBE-Cesium.1.3.0
2024-09-27 14:54:04,039 [WARN] PackLoader:240 - Cannot read IP mode file for STMicroelectronics.X-CUBE-BLE2.3.3.0
2024-09-27 14:54:04,056 [WARN] PackLoader:240 - Cannot read IP mode file for STMicroelectronics.X-CUBE-NFC9.1.0.0
2024-09-27 14:54:04,075 [WARN] PackLoader:240 - Cannot read IP mode file for STMicroelectronics.X-CUBE-TCPP.4.1.0
2024-09-27 14:54:04,107 [WARN] PackLoader:240 - Cannot read IP mode file for STMicroelectronics.X-CUBE-AZRTOS-G0.1.1.0
2024-09-27 14:54:04,128 [WARN] PackLoader:240 - Cannot read IP mode file for STMicroelectronics.X-CUBE-SAFEA1.1.2.2
2024-09-27 14:54:04,149 [WARN] PackLoader:240 - Cannot read IP mode file for STMicroelectronics.X-CUBE-NFC4.3.0.0
2024-09-27 14:54:04,178 [WARN] PackLoader:240 - Cannot read IP mode file for EmbeddedOffice.I-CUBE-FS-RTOS.1.0.1
2024-09-27 14:54:04,179 [ERROR] ConditionMgr:805 - Attr not supported : Dmpu
2024-09-27 14:54:04,179 [ERROR] ConditionMgr:805 - Attr not supported : Dmpu
2024-09-27 14:54:04,179 [ERROR] ConditionMgr:805 - Attr not supported : Dmpu
2024-09-27 14:54:04,179 [ERROR] ConditionMgr:805 - Attr not supported : Dmpu
2024-09-27 14:54:04,179 [ERROR] ConditionMgr:805 - Attr not supported : Dmpu
2024-09-27 14:54:04,179 [ERROR] ConditionMgr:805 - Attr not supported : Dmpu
2024-09-27 14:54:04,179 [ERROR] ConditionMgr:805 - Attr not supported : Dmpu
2024-09-27 14:54:04,181 [ERROR] ConditionMgr:805 - Attr not supported : Dmpu
2024-09-27 14:54:04,181 [ERROR] ConditionMgr:805 - Attr not supported : Dmpu
2024-09-27 14:54:04,181 [ERROR] ConditionMgr:805 - Attr not supported : Dmpu
2024-09-27 14:54:04,181 [ERROR] ConditionMgr:805 - Attr not supported : Dmpu
2024-09-27 14:54:04,181 [ERROR] ConditionMgr:805 - Attr not supported : Dmpu
2024-09-27 14:54:04,181 [ERROR] ConditionMgr:805 - Attr not supported : Dmpu
2024-09-27 14:54:04,182 [ERROR] ConditionMgr:805 - Attr not supported : Dmpu
2024-09-27 14:54:04,182 [ERROR] ConditionMgr:805 - Attr not supported : Dmpu
2024-09-27 14:54:04,182 [ERROR] ConditionMgr:805 - Attr not supported : Dmpu
2024-09-27 14:54:04,182 [ERROR] ConditionMgr:805 - Attr not supported : Dmpu
2024-09-27 14:54:04,182 [ERROR] ConditionMgr:805 - Attr not supported : Dmpu
2024-09-27 14:54:04,182 [ERROR] ConditionMgr:805 - Attr not supported : Dmpu
2024-09-27 14:54:04,182 [ERROR] ConditionMgr:805 - Attr not supported : Dmpu
2024-09-27 14:54:04,182 [ERROR] ConditionMgr:805 - Attr not supported : Dmpu
2024-09-27 14:54:04,183 [ERROR] ConditionMgr:805 - Attr not supported : Dmpu
2024-09-27 14:54:04,183 [ERROR] ConditionMgr:805 - Attr not supported : Dmpu
2024-09-27 14:54:04,183 [ERROR] ConditionMgr:805 - Attr not supported : Dmpu
2024-09-27 14:54:04,183 [ERROR] ConditionMgr:805 - Attr not supported : Dmpu
2024-09-27 14:54:04,183 [ERROR] ConditionMgr:805 - Attr not supported : Dmpu
2024-09-27 14:54:04,183 [ERROR] ConditionMgr:805 - Attr not supported : Dmpu
2024-09-27 14:54:04,183 [ERROR] ConditionMgr:805 - Attr not supported : Dmpu
2024-09-27 14:54:04,183 [ERROR] ConditionMgr:805 - Attr not supported : Dmpu
2024-09-27 14:54:04,183 [ERROR] ConditionMgr:805 - Attr not supported : Dmpu
2024-09-27 14:54:04,183 [ERROR] ConditionMgr:805 - Attr not supported : Dmpu
2024-09-27 14:54:04,183 [ERROR] ConditionMgr:805 - Attr not supported : Dmpu
2024-09-27 14:54:04,183 [ERROR] ConditionMgr:805 - Attr not supported : Dmpu
2024-09-27 14:54:04,183 [ERROR] ConditionMgr:805 - Attr not supported : Dmpu
2024-09-27 14:54:04,184 [ERROR] ConditionMgr:805 - Attr not supported : Dmpu
2024-09-27 14:54:04,184 [ERROR] ConditionMgr:805 - Attr not supported : Dmpu
2024-09-27 14:54:04,184 [ERROR] ConditionMgr:805 - Attr not supported : Dmpu
2024-09-27 14:54:04,184 [ERROR] ConditionMgr:805 - Attr not supported : Dmpu
2024-09-27 14:54:04,185 [ERROR] ConditionMgr:805 - Attr not supported : Dmpu
2024-09-27 14:54:04,185 [ERROR] ConditionMgr:805 - Attr not supported : Dmpu
2024-09-27 14:54:04,186 [ERROR] ConditionMgr:805 - Attr not supported : Dmpu
2024-09-27 14:54:04,186 [ERROR] ConditionMgr:805 - Attr not supported : Dmpu
2024-09-27 14:54:04,186 [ERROR] ConditionMgr:805 - Attr not supported : Dmpu
2024-09-27 14:54:04,186 [ERROR] ConditionMgr:805 - Attr not supported : Dmpu
2024-09-27 14:54:04,186 [ERROR] ConditionMgr:805 - Attr not supported : Dmpu
2024-09-27 14:54:04,186 [ERROR] ConditionMgr:805 - Attr not supported : Dmpu
2024-09-27 14:54:04,186 [ERROR] ConditionMgr:805 - Attr not supported : Dmpu
2024-09-27 14:54:04,186 [ERROR] ConditionMgr:805 - Attr not supported : Dmpu
2024-09-27 14:54:04,187 [ERROR] ConditionMgr:805 - Attr not supported : Dmpu
2024-09-27 14:54:04,187 [ERROR] ConditionMgr:805 - Attr not supported : Dmpu
2024-09-27 14:54:04,187 [ERROR] ConditionMgr:805 - Attr not supported : Dmpu
2024-09-27 14:54:04,187 [ERROR] ConditionMgr:805 - Attr not supported : Dmpu
2024-09-27 14:54:04,187 [ERROR] ConditionMgr:805 - Attr not supported : Dmpu
2024-09-27 14:54:04,187 [ERROR] ConditionMgr:805 - Attr not supported : Dmpu
2024-09-27 14:54:04,187 [ERROR] ConditionMgr:805 - Attr not supported : Dmpu
2024-09-27 14:54:04,187 [ERROR] ConditionMgr:805 - Attr not supported : Dmpu
2024-09-27 14:54:04,187 [ERROR] ConditionMgr:805 - Attr not supported : Dmpu
2024-09-27 14:54:04,187 [ERROR] ConditionMgr:805 - Attr not supported : Dmpu
2024-09-27 14:54:04,187 [ERROR] ConditionMgr:805 - Attr not supported : Dmpu
2024-09-27 14:54:04,188 [ERROR] ConditionMgr:805 - Attr not supported : Dmpu
2024-09-27 14:54:04,188 [ERROR] ConditionMgr:805 - Attr not supported : Dmpu
2024-09-27 14:54:04,188 [ERROR] ConditionMgr:805 - Attr not supported : Dmpu
2024-09-27 14:54:04,188 [ERROR] ConditionMgr:805 - Attr not supported : Dmpu
2024-09-27 14:54:04,188 [ERROR] ConditionMgr:805 - Attr not supported : Dmpu
2024-09-27 14:54:04,203 [WARN] PackLoader:240 - Cannot read IP mode file for RealThread.X-CUBE-RT-Thread_Nano.4.1.1
2024-09-27 14:54:04,214 [WARN] PackLoader:240 - Cannot read IP mode file for STMicroelectronics.FP-ATR-SIGFOX1.3.2.0
2024-09-27 14:54:04,227 [WARN] PackLoader:240 - Cannot read IP mode file for wolfSSL.I-CUBE-wolfSSL.5.7.2
2024-09-27 14:54:04,240 [WARN] PackLoader:240 - Cannot read IP mode file for STMicroelectronics.X-CUBE-EEPRMA1.5.1.0
2024-09-27 14:54:04,254 [WARN] PackLoader:240 - Cannot read IP mode file for ITTIA_DB.I-CUBE-ITTIADB.8.9.0
2024-09-27 14:54:04,284 [WARN] PackLoader:240 - Cannot read IP mode file for SEGGER.I-CUBE-embOS.1.3.1
2024-09-27 14:54:04,338 [WARN] PackLoader:240 - Cannot read IP mode file for STMicroelectronics.X-CUBE-ALGOBUILD.1.4.0
2024-09-27 14:54:04,357 [WARN] PackLoader:240 - Cannot read IP mode file for STMicroelectronics.X-CUBE-GNSS1.6.0.0
2024-09-27 14:54:04,379 [WARN] PackLoader:240 - Cannot read IP mode file for STMicroelectronics.X-CUBE-AZRTOS-F4.1.1.0
2024-09-27 14:54:04,391 [WARN] PackLoader:240 - Cannot read IP mode file for STMicroelectronics.X-CUBE-ISPU.2.1.0
2024-09-27 14:54:04,401 [WARN] PackLoader:240 - Cannot read IP mode file for STMicroelectronics.X-CUBE-FREERTOS.1.2.0
2024-09-27 14:54:04,422 [WARN] PackLoader:240 - Cannot read IP mode file for STMicroelectronics.X-CUBE-AZRTOS-L5.2.0.0
2024-09-27 14:54:04,437 [WARN] PackLoader:240 - Cannot read IP mode file for STMicroelectronics.X-CUBE-NFC6.3.1.0
2024-09-27 14:54:04,449 [WARN] PackLoader:240 - Cannot read IP mode file for STMicroelectronics.X-CUBE-DPower.1.2.0
2024-09-27 14:54:04,461 [WARN] PackLoader:240 - Cannot read IP mode file for STMicroelectronics.X-CUBE-AI.9.0.0
2024-09-27 14:54:04,477 [WARN] PackLoader:240 - Cannot read IP mode file for STMicroelectronics.X-CUBE-NFC7.1.0.1
2024-09-27 14:54:04,492 [WARN] PackLoader:240 - Cannot read IP mode file for wolfSSL.I-CUBE-wolfTPM.3.2.0
2024-09-27 14:54:04,522 [WARN] ConditionMgr:438 - getConditionDescription Invalid condition id : LAN8742 Phy interface Condition cause : null
2024-09-27 14:54:04,523 [WARN] PackLoader:240 - Cannot read IP mode file for STMicroelectronics.X-CUBE-AZRTOS-L4.2.0.0
2024-09-27 14:54:04,525 [WARN] ConditionMgr:1039 - genDependencies : Invalid condition id : LAN8742 Phy interface Condition cause : null
2024-09-27 14:54:04,525 [WARN] ConditionMgr:1039 - genDependencies : Invalid condition id : LAN8742 Phy interface Condition cause : null
2024-09-27 14:54:04,526 [WARN] ConditionMgr:1039 - genDependencies : Invalid condition id : LAN8742 Phy interface Condition cause : null
2024-09-27 14:54:04,543 [WARN] PackLoader:240 - Cannot read IP mode file for STMicroelectronics.X-CUBE-SFXS2LP1.4.0.0
2024-09-27 14:54:04,586 [WARN] PackLoader:240 - Cannot read IP mode file for STMicroelectronics.X-CUBE-AZRTOS-H7.3.3.0
2024-09-27 14:54:04,608 [WARN] ConditionMgr:438 - getConditionDescription Invalid condition id : UX DEVICE CLASS RTOS Condition cause : null
2024-09-27 14:54:04,609 [WARN] ConditionMgr:438 - getConditionDescription Invalid condition id : UX DEVICE CLASS RTOS Condition cause : null
2024-09-27 14:54:04,610 [WARN] PackLoader:240 - Cannot read IP mode file for STMicroelectronics.X-CUBE-AZRTOS-WB.2.0.0
2024-09-27 14:54:04,611 [WARN] ConditionMgr:1039 - genDependencies : Invalid condition id : UX DEVICE CLASS RTOS Condition cause : null
2024-09-27 14:54:04,611 [WARN] ConditionMgr:1039 - genDependencies : Invalid condition id : UX DEVICE CLASS RTOS Condition cause : null
2024-09-27 14:54:04,611 [WARN] ConditionMgr:1039 - genDependencies : Invalid condition id : UX DEVICE CLASS RTOS Condition cause : null
2024-09-27 14:54:04,611 [WARN] ConditionMgr:1039 - genDependencies : Invalid condition id : UX DEVICE CLASS RTOS Condition cause : null
2024-09-27 14:54:04,611 [WARN] ConditionMgr:1039 - genDependencies : Invalid condition id : UX DEVICE CLASS RTOS Condition cause : null
2024-09-27 14:54:04,625 [WARN] PackLoader:240 - Cannot read IP mode file for STMicroelectronics.X-CUBE-GNSS1.7.0.0
2024-09-27 14:54:04,637 [WARN] PackLoader:240 - Cannot read IP mode file for STMicroelectronics.FP-SNS-STBOX1.2.0.0
2024-09-27 14:54:04,657 [WARN] PackLoader:240 - Cannot read IP mode file for STMicroelectronics.X-CUBE-SUBG2.5.0.0
2024-09-27 14:54:04,672 [WARN] PackLoader:240 - Cannot read IP mode file for Cesanta.I-CUBE-Mongoose.7.13.0
2024-09-27 14:54:04,701 [WARN] PackLoader:240 - Cannot read IP mode file for STMicroelectronics.X-CUBE-AZRTOS-G4.2.0.0
2024-09-27 14:54:04,722 [WARN] PackLoader:240 - Cannot read IP mode file for STMicroelectronics.X-CUBE-ISPU.2.0.0
2024-09-27 14:54:04,739 [WARN] PackLoader:240 - Cannot read IP mode file for STMicroelectronics.X-CUBE-ALS.1.0.2
2024-09-27 14:54:04,772 [WARN] PackLoader:240 - Cannot read IP mode file for STMicroelectronics.X-CUBE-MEMS1.10.0.0
2024-09-27 14:54:05,195 [WARN] PackLoader:240 - Cannot read IP mode file for STMicroelectronics.X-CUBE-TOUCHGFX.4.24.0
2024-09-27 14:54:05,205 [WARN] PackLoader:240 - Cannot read IP mode file for STMicroelectronics.X-CUBE-TOUCHGFX.4.24.1
2024-09-27 14:54:05,219 [WARN] PackLoader:240 - Cannot read IP mode file for portGmbH.I-Cube-SoM-uGOAL.1.1.0
2024-09-27 14:54:05,240 [WARN] PackLoader:240 - Cannot read IP mode file for STMicroelectronics.X-CUBE-AZRTOS-H7RS.1.0.0
2024-09-27 14:54:05,252 [WARN] PackLoader:240 - Cannot read IP mode file for STMicroelectronics.FP-ATR-ASTRA1.2.0.0
2024-09-27 14:54:05,266 [WARN] PackLoader:240 - Cannot read IP mode file for STMicroelectronics.X-CUBE-TOF1.3.4.2
2024-09-27 14:54:05,293 [WARN] PackLoader:240 - Cannot read IP mode file for STMicroelectronics.X-CUBE-TOF1.3.4.1
2024-09-27 14:54:05,323 [WARN] PackLoader:240 - Cannot read IP mode file for STMicroelectronics.X-CUBE-AZRTOS-H7.3.2.0
2024-09-27 14:54:05,363 [WARN] PackLoader:240 - Cannot read IP mode file for Infineon.AIROC-Wi-Fi-Bluetooth-STM32.1.6.0
2024-09-27 14:54:05,386 [WARN] PackLoader:240 - Cannot read IP mode file for wolfSSL.I-CUBE-wolfSSH.1.4.17
2024-09-27 14:54:05,387 [INFO] ThirdParty:978 - Integrity check success = true
2024-09-27 14:54:05,387 [INFO] IntegrityCheckThread:100 - exiting critical section [integrity check]
2024-09-27 14:54:05,387 [INFO] IntegrityCheckThread:103 - End integrity checks thread
2024-09-27 14:54:05,584 [INFO] WebApp:167 - Instantiating new browser for Auth
2024-09-27 14:54:06,134 [INFO] WebApp:448 - Apply proxy settings
2024-09-27 14:54:06,135 [INFO] WebApp:533 - Chromium requires no authentication
2024-09-27 14:54:06,142 [INFO] WebApp:476 - Direct internet connection detected
2024-09-27 14:54:06,165 [INFO] WebApp:869 - Register for checkConnection events
2024-09-27 14:54:06,165 [INFO] WebApp:448 - Apply proxy settings
2024-09-27 14:54:06,165 [INFO] WebApp:533 - Chromium requires no authentication
2024-09-27 14:54:06,165 [INFO] WebApp:476 - Direct internet connection detected
2024-09-27 14:54:06,308 [INFO] WebApp:220 - Starting web application
2024-09-27 14:54:06,308 [INFO] WebApp:578 - Web application path used C:\ST\STM32CubeIDE_1.16.0\STM32CubeIDE\plugins\com.st.stm32cube.common.mx_6.12.1.202409122256\db\plugins\mcufinder\reactClient1\index.html
2024-09-27 14:54:06,423 [INFO] WebApp:186 - Connection restablished
2024-09-27 14:54:06,425 [INFO] UserAuth:417 - Internet connection configuration mode: 1
2024-09-27 15:13:08,391 [ERROR] LogOutputStream:75 - [STDERR_REDIRECT] Managed Build system manifest file error: Option fr.ac6.managedbuild.option.gnu.cross.mcu.1947419152 uses a null category that is invalid in its context. The option was ignored.
2024-09-27 15:13:08,394 [ERROR] LogOutputStream:75 - [STDERR_REDIRECT] Managed Build system manifest file error: Option fr.ac6.managedbuild.option.gnu.cross.fpu.1165881043 uses a null category that is invalid in its context. The option was ignored.
2024-09-27 15:13:08,395 [ERROR] LogOutputStream:75 - [STDERR_REDIRECT] Managed Build system manifest file error: Option fr.ac6.managedbuild.option.gnu.cross.floatabi.29117250 uses a null category that is invalid in its context. The option was ignored.
2024-09-27 15:13:08,397 [ERROR] LogOutputStream:75 - [STDERR_REDIRECT] Managed Build system manifest file error: Option fr.ac6.managedbuild.option.gnu.cross.board.469058725 uses a null category that is invalid in its context. The option was ignored.
2024-09-27 15:13:08,425 [ERROR] LogOutputStream:75 - [STDERR_REDIRECT] Managed Build system manifest file error: Option fr.ac6.managedbuild.option.gnu.cross.mcu.2020399737 uses a null category that is invalid in its context. The option was ignored.
2024-09-27 15:13:08,428 [ERROR] LogOutputStream:75 - [STDERR_REDIRECT] Managed Build system manifest file error: Option fr.ac6.managedbuild.option.gnu.cross.fpu.906366420 uses a null category that is invalid in its context. The option was ignored.
2024-09-27 15:13:08,430 [ERROR] LogOutputStream:75 - [STDERR_REDIRECT] Managed Build system manifest file error: Option fr.ac6.managedbuild.option.gnu.cross.floatabi.779923141 uses a null category that is invalid in its context. The option was ignored.
2024-09-27 15:13:08,432 [ERROR] LogOutputStream:75 - [STDERR_REDIRECT] Managed Build system manifest file error: Option fr.ac6.managedbuild.option.gnu.cross.board.1878935188 uses a null category that is invalid in its context. The option was ignored.
2024-09-27 15:13:08,488 [ERROR] LogOutputStream:75 - [STDERR_REDIRECT] SLF4J: Failed to load class "org.slf4j.impl.StaticLoggerBinder".
2024-09-27 15:13:08,489 [ERROR] LogOutputStream:75 - [STDERR_REDIRECT] SLF4J: Defaulting to no-operation (NOP) logger implementation
2024-09-27 15:13:08,490 [ERROR] LogOutputStream:75 - [STDERR_REDIRECT] SLF4J: See http://www.slf4j.org/codes.html#StaticLoggerBinder for further details.
2024-09-27 15:37:09,292 [INFO] Activator:176 - 


2024-09-27 15:37:09,295 [INFO] Activator:177 - !SESSION log4j initialized
2024-09-27 15:37:13,891 [INFO] LogOutputStream:77 - [STDOUT_REDIRECT] 
2024-09-27 15:37:15,277 [INFO] ApplicationProperties:184 - Using Application install path: C:\ST\STM32CubeIDE_1.16.0\STM32CubeIDE\plugins\com.st.stm32cube.common.mx_6.12.1.202409122256
2024-09-27 15:37:15,290 [INFO] DbMcusXml:78 - Set database path to: C:\ST\STM32CubeIDE_1.16.0\STM32CubeIDE\plugins\com.st.stm32cube.common.mx_6.12.1.202409122256\\db\/mcu/
2024-09-27 15:37:15,290 [INFO] ApiDb:274 - Set plugin database path to: C:\ST\STM32CubeIDE_1.16.0\STM32CubeIDE\plugins\com.st.stm32cube.common.mx_6.12.1.202409122256\\db\/plugins/boardmanager/
2024-09-27 15:37:15,290 [WARN] ApiDb:259 - Overriding images path with different value:  => C:\ST\STM32CubeIDE_1.16.0\STM32CubeIDE\plugins\com.st.stm32cube.common.mx_6.12.1.202409122256\\db\/plugins/mcufinder/images/
2024-09-27 15:37:15,297 [INFO] ApiDb:250 - Set database path to: C:\Users\marko\.stmcufinder\plugins\mcufinder//mcu/
2024-09-27 15:37:15,297 [INFO] DbMcusAds:125 - Set database path to: C:\Users\marko\.stmcufinder\plugins\mcufinder//mcu/
2024-09-27 15:37:15,300 [INFO] CrossReferenceDbSqlite:203 - Set database path to: C:\Users\marko\.stmcufinder\plugins\mcufinder//mcu/cs/
2024-09-27 15:37:15,385 [INFO] RulesReader:64 - Compatibility file has been processed (297 Rules)
2024-09-27 15:37:15,457 [INFO] DbMcusXml:78 - Set database path to: C:\ST\STM32CubeIDE_1.16.0\STM32CubeIDE\plugins\com.st.stm32cube.common.mx_6.12.1.202409122256\\db\/mcu/
2024-09-27 15:37:15,457 [INFO] ApiDb:274 - Set plugin database path to: C:\ST\STM32CubeIDE_1.16.0\STM32CubeIDE\plugins\com.st.stm32cube.common.mx_6.12.1.202409122256\\db\/plugins/boardmanager/
2024-09-27 15:37:15,458 [INFO] ApiDb:261 - Set plugin images path to: C:\ST\STM32CubeIDE_1.16.0\STM32CubeIDE\plugins\com.st.stm32cube.common.mx_6.12.1.202409122256\\db\/plugins/mcufinder/images/
2024-09-27 15:37:15,458 [WARN] DbFile:41 - Overriding database path with different value: C:\Users\marko\.stmcufinder\plugins\mcufinder/ => C:\Users\marko\.stmcufinder\plugins\mcufinder
2024-09-27 15:37:15,458 [INFO] ApiDb:250 - Set database path to: C:\Users\marko\.stmcufinder\plugins\mcufinder//mcu/
2024-09-27 15:37:15,458 [WARN] DbFile:41 - Overriding database path with different value: C:\Users\marko\.stmcufinder\plugins\mcufinder/ => C:\Users\marko\.stmcufinder\plugins\mcufinder
2024-09-27 15:37:15,458 [INFO] DbMcusAds:125 - Set database path to: C:\Users\marko\.stmcufinder\plugins\mcufinder//mcu/
2024-09-27 15:37:15,458 [WARN] DbFile:41 - Overriding database path with different value: C:\Users\marko\.stmcufinder\plugins\mcufinder/ => C:\Users\marko\.stmcufinder\plugins\mcufinder
2024-09-27 15:37:15,458 [WARN] DbFile:41 - Overriding database path with different value: C:\Users\marko\.stmcufinder\plugins\mcufinder/ => C:\Users\marko\.stmcufinder\plugins\mcufinder
2024-09-27 15:37:15,458 [INFO] CrossReferenceDbSqlite:203 - Set database path to: C:\Users\marko\.stmcufinder\plugins\mcufinder//mcu/cs/
2024-09-27 15:37:15,532 [INFO] MainPanel:268 - HeapMemory: 268435456
2024-09-27 15:37:15,653 [INFO] DbMcusXml:78 - Set database path to: C:\ST\STM32CubeIDE_1.16.0\STM32CubeIDE\plugins\com.st.stm32cube.common.mx_6.12.1.202409122256\\db\/mcu/
2024-09-27 15:37:15,653 [INFO] ApiDb:274 - Set plugin database path to: C:\ST\STM32CubeIDE_1.16.0\STM32CubeIDE\plugins\com.st.stm32cube.common.mx_6.12.1.202409122256\\db\/plugins/boardmanager/
2024-09-27 15:37:15,653 [INFO] ApiDb:261 - Set plugin images path to: C:\ST\STM32CubeIDE_1.16.0\STM32CubeIDE\plugins\com.st.stm32cube.common.mx_6.12.1.202409122256\\db\/plugins/mcufinder/images/
2024-09-27 15:37:15,654 [WARN] DbFile:41 - Overriding database path with different value: C:\Users\marko\.stmcufinder\plugins\mcufinder/ => C:\Users\marko\.stmcufinder\plugins\mcufinder
2024-09-27 15:37:15,654 [INFO] ApiDb:250 - Set database path to: C:\Users\marko\.stmcufinder\plugins\mcufinder//mcu/
2024-09-27 15:37:15,654 [WARN] DbFile:41 - Overriding database path with different value: C:\Users\marko\.stmcufinder\plugins\mcufinder/ => C:\Users\marko\.stmcufinder\plugins\mcufinder
2024-09-27 15:37:15,654 [INFO] DbMcusAds:125 - Set database path to: C:\Users\marko\.stmcufinder\plugins\mcufinder//mcu/
2024-09-27 15:37:15,654 [WARN] DbFile:41 - Overriding database path with different value: C:\Users\marko\.stmcufinder\plugins\mcufinder/ => C:\Users\marko\.stmcufinder\plugins\mcufinder
2024-09-27 15:37:15,654 [WARN] DbFile:41 - Overriding database path with different value: C:\Users\marko\.stmcufinder\plugins\mcufinder/ => C:\Users\marko\.stmcufinder\plugins\mcufinder
2024-09-27 15:37:15,654 [INFO] CrossReferenceDbSqlite:203 - Set database path to: C:\Users\marko\.stmcufinder\plugins\mcufinder//mcu/cs/
2024-09-27 15:37:15,667 [INFO] ApplicationProperties:184 - Using Application install path: C:\ST\STM32CubeIDE_1.16.0\STM32CubeIDE\plugins\com.st.stm32cube.common.mx_6.12.1.202409122256
2024-09-27 15:37:15,668 [INFO] PluginManage:196 - Search for loadable plugins [exclusion list=, ]
2024-09-27 15:37:15,669 [INFO] PluginManage:310 - Check plugin analytics
2024-09-27 15:37:15,784 [INFO] AnalyticsPlugin:253 - Accepted Software Licenses: 
2024-09-27 15:37:15,784 [INFO] AnalyticsPlugin:255 - Accepted CMSIS Pack Licenses: 
2024-09-27 15:37:15,785 [INFO] AnalyticsPlugin:257 - Accepted Firmware Licenses: FW.F4.1.28.0
2024-09-27 15:37:15,787 [INFO] PluginManage:359 - Loaded plugin analytics (category:tool,tabindex:-1)
2024-09-27 15:37:15,787 [INFO] PluginManage:310 - Check plugin cadmodel
2024-09-27 15:37:15,791 [INFO] CADModel:105 - Init CAD model plugin
2024-09-27 15:37:15,791 [INFO] PluginManage:359 - Loaded plugin cadmodel (category:power,tabindex:5)
2024-09-27 15:37:15,791 [INFO] PluginManage:310 - Check plugin clock
2024-09-27 15:37:15,796 [INFO] PluginManage:359 - Loaded plugin clock (category:base,tabindex:2)
2024-09-27 15:37:15,796 [INFO] PluginManage:310 - Check plugin ddr
2024-09-27 15:37:15,798 [INFO] PluginManage:359 - Loaded plugin ddr (category:tool,tabindex:6)
2024-09-27 15:37:15,798 [INFO] PluginManage:310 - Check plugin filemanager
2024-09-27 15:37:15,920 [INFO] PluginManage:359 - Loaded plugin filemanager (category:base,tabindex:10)
2024-09-27 15:37:15,920 [INFO] PluginManage:310 - Check plugin ipmanager
2024-09-27 15:37:15,927 [INFO] PluginManage:359 - Loaded plugin ipmanager (category:base,tabindex:5)
2024-09-27 15:37:15,927 [INFO] PluginManage:310 - Check plugin lpbam
2024-09-27 15:37:15,932 [INFO] PluginManage:359 - Loaded plugin lpbam (category:base,tabindex:0)
2024-09-27 15:37:15,932 [INFO] PluginManage:310 - Check plugin memorymap
2024-09-27 15:37:15,945 [INFO] PluginManage:359 - Loaded plugin memorymap (category:base,tabindex:4)
2024-09-27 15:37:15,945 [INFO] PluginManage:310 - Check plugin pinoutandconfiguration
2024-09-27 15:37:15,952 [INFO] PluginManage:359 - Loaded plugin pinoutandconfiguration (category:base,tabindex:1)
2024-09-27 15:37:15,952 [INFO] PluginManage:310 - Check plugin pinoutconfig
2024-09-27 15:37:16,027 [WARN] SupportedApi:132 - Cannot load RTOS API schema: s4s-elt-must-match.1: The content of 'definitions' must match (annotation?, (simpleType | complexType)?, (unique | key | keyref)*)). A problem was found starting at: attribute.
2024-09-27 15:37:16,132 [INFO] PluginManage:359 - Loaded plugin pinoutconfig (category:base,tabindex:0)
2024-09-27 15:37:16,132 [INFO] PluginManage:310 - Check plugin power
2024-09-27 15:37:16,138 [INFO] PluginManage:359 - Loaded plugin power (category:power,tabindex:4)
2024-09-27 15:37:16,139 [INFO] PluginManage:310 - Check plugin projectmanager
2024-09-27 15:37:16,150 [INFO] PluginManage:359 - Loaded plugin projectmanager (category:projectmanager,tabindex:4)
2024-09-27 15:37:16,150 [INFO] PluginManage:310 - Check plugin rif
2024-09-27 15:37:16,155 [INFO] PluginManage:359 - Loaded plugin rif (category:base,tabindex:3)
2024-09-27 15:37:16,155 [INFO] PluginManage:310 - Check plugin thirdparty
2024-09-27 15:37:16,259 [INFO] PluginManage:359 - Loaded plugin thirdparty (category:base,tabindex:-1)
2024-09-27 15:37:16,259 [INFO] PluginManage:310 - Check plugin tools
2024-09-27 15:37:16,259 [WARN] IntegrityCheckThread:84 - waiting for thirdparty lock release [integrity check]
2024-09-27 15:37:16,260 [INFO] IntegrityCheckThread:86 - entering critical section [integrity check]
2024-09-27 15:37:16,261 [INFO] ThirdPartyUpdaterWithRetryManager:70 - Updater plugin not ready yet. [1/15]
2024-09-27 15:37:16,264 [INFO] PluginManage:359 - Loaded plugin tools (category:base,tabindex:7)
2024-09-27 15:37:16,264 [INFO] PluginManage:310 - Check plugin tutovideos
2024-09-27 15:37:16,401 [INFO] PluginManage:359 - Loaded plugin tutovideos (category:base,tabindex:-1)
2024-09-27 15:37:16,401 [INFO] PluginManage:310 - Check plugin updater
2024-09-27 15:37:16,414 [INFO] PluginManage:359 - Loaded plugin updater (category:base,tabindex:12)
2024-09-27 15:37:16,414 [INFO] PluginManage:310 - Check plugin userauth
2024-09-27 15:37:16,418 [INFO] UserAuth:113 - Init User Auth plugin
2024-09-27 15:37:16,418 [INFO] PluginManage:359 - Loaded plugin userauth (category:base,tabindex:14)
2024-09-27 15:37:16,419 [INFO] PluginManage:283 - PluginManage : Loaded plugins [18]
2024-09-27 15:37:16,591 [INFO] PinOutPanel:1561 - setPackage(No Configuration,No Configuration)
2024-09-27 15:37:16,655 [INFO] CADModel:165 - CPN selected for project level
2024-09-27 15:37:16,656 [INFO] CADModel:114 - Register for checkConnection events
2024-09-27 15:37:16,668 [INFO] IPUIPlugin:80 - create IPUIPlugin
2024-09-27 15:37:16,668 [INFO] PluginManager:220 - loadIPPluginJar : add adc
2024-09-27 15:37:16,670 [INFO] IPUIPlugin:80 - create IPUIPlugin
2024-09-27 15:37:16,670 [INFO] PluginManager:220 - loadIPPluginJar : add aes
2024-09-27 15:37:16,672 [INFO] IPUIPlugin:80 - create IPUIPlugin
2024-09-27 15:37:16,672 [INFO] PluginManager:220 - loadIPPluginJar : add can
2024-09-27 15:37:16,673 [INFO] IPUIPlugin:80 - create IPUIPlugin
2024-09-27 15:37:16,673 [INFO] PluginManager:220 - loadIPPluginJar : add comp
2024-09-27 15:37:16,674 [INFO] IPUIPlugin:80 - create IPUIPlugin
2024-09-27 15:37:16,674 [INFO] PluginManager:220 - loadIPPluginJar : add cryp
2024-09-27 15:37:16,676 [INFO] IPUIPlugin:80 - create IPUIPlugin
2024-09-27 15:37:16,676 [INFO] PluginManager:220 - loadIPPluginJar : add ddr_ctrl_phy
2024-09-27 15:37:16,677 [INFO] IPUIPlugin:80 - create IPUIPlugin
2024-09-27 15:37:16,677 [INFO] PluginManager:220 - loadIPPluginJar : add dfsdm
2024-09-27 15:37:16,681 [INFO] IPUIPlugin:80 - create IPUIPlugin
2024-09-27 15:37:16,681 [INFO] PluginManager:220 - loadIPPluginJar : add dma
2024-09-27 15:37:16,682 [INFO] IPUIPlugin:80 - create IPUIPlugin
2024-09-27 15:37:16,682 [INFO] PluginManager:220 - loadIPPluginJar : add dma3
2024-09-27 15:37:16,685 [INFO] IPUIPlugin:80 - create IPUIPlugin
2024-09-27 15:37:16,685 [INFO] PluginManager:220 - loadIPPluginJar : add extmemmanager
2024-09-27 15:37:16,685 [INFO] IPUIPlugin:80 - create IPUIPlugin
2024-09-27 15:37:16,686 [INFO] PluginManager:220 - loadIPPluginJar : add fatfs
2024-09-27 15:37:16,688 [INFO] IPUIPlugin:80 - create IPUIPlugin
2024-09-27 15:37:16,688 [INFO] PluginManager:220 - loadIPPluginJar : add fmc
2024-09-27 15:37:16,692 [INFO] IPUIPlugin:80 - create IPUIPlugin
2024-09-27 15:37:16,692 [INFO] PluginManager:220 - loadIPPluginJar : add freertos
2024-09-27 15:37:16,694 [INFO] IPUIPlugin:80 - create IPUIPlugin
2024-09-27 15:37:16,694 [INFO] PluginManager:220 - loadIPPluginJar : add genericplugin
2024-09-27 15:37:16,696 [INFO] IPUIPlugin:80 - create IPUIPlugin
2024-09-27 15:37:16,696 [INFO] PluginManager:220 - loadIPPluginJar : add gfxmmu
2024-09-27 15:37:16,699 [INFO] IPUIPlugin:80 - create IPUIPlugin
2024-09-27 15:37:16,699 [INFO] PluginManager:220 - loadIPPluginJar : add gic
2024-09-27 15:37:16,701 [INFO] IPUIPlugin:80 - create IPUIPlugin
2024-09-27 15:37:16,701 [INFO] PluginManager:220 - loadIPPluginJar : add gpio
2024-09-27 15:37:16,702 [INFO] IPUIPlugin:80 - create IPUIPlugin
2024-09-27 15:37:16,702 [INFO] PluginManager:220 - loadIPPluginJar : add gtzc
2024-09-27 15:37:16,702 [INFO] IPUIPlugin:80 - create IPUIPlugin
2024-09-27 15:37:16,702 [INFO] PluginManager:220 - loadIPPluginJar : add hash
2024-09-27 15:37:16,705 [INFO] IPUIPlugin:80 - create IPUIPlugin
2024-09-27 15:37:16,705 [INFO] PluginManager:220 - loadIPPluginJar : add i2c
2024-09-27 15:37:16,707 [INFO] IPUIPlugin:80 - create IPUIPlugin
2024-09-27 15:37:16,707 [INFO] PluginManager:220 - loadIPPluginJar : add i2s
2024-09-27 15:37:16,708 [INFO] IPUIPlugin:80 - create IPUIPlugin
2024-09-27 15:37:16,708 [INFO] PluginManager:220 - loadIPPluginJar : add i3c
2024-09-27 15:37:16,710 [INFO] IPUIPlugin:80 - create IPUIPlugin
2024-09-27 15:37:16,711 [INFO] PluginManager:220 - loadIPPluginJar : add ipddr
2024-09-27 15:37:16,716 [INFO] IPUIPlugin:80 - create IPUIPlugin
2024-09-27 15:37:16,716 [INFO] PluginManager:220 - loadIPPluginJar : add linkedlist
2024-09-27 15:37:16,718 [INFO] IPUIPlugin:80 - create IPUIPlugin
2024-09-27 15:37:16,718 [INFO] PluginManager:220 - loadIPPluginJar : add lorawan
2024-09-27 15:37:16,719 [INFO] IPUIPlugin:80 - create IPUIPlugin
2024-09-27 15:37:16,719 [INFO] PluginManager:220 - loadIPPluginJar : add ltdc
2024-09-27 15:37:16,722 [INFO] IPUIPlugin:80 - create IPUIPlugin
2024-09-27 15:37:16,722 [INFO] PluginManager:220 - loadIPPluginJar : add mdma
2024-09-27 15:37:16,726 [INFO] IPUIPlugin:80 - create IPUIPlugin
2024-09-27 15:37:16,726 [INFO] PluginManager:220 - loadIPPluginJar : add nvic
2024-09-27 15:37:16,728 [INFO] IPUIPlugin:80 - create IPUIPlugin
2024-09-27 15:37:16,728 [INFO] PluginManager:220 - loadIPPluginJar : add opamp
2024-09-27 15:37:16,730 [INFO] IPUIPlugin:80 - create IPUIPlugin
2024-09-27 15:37:16,730 [INFO] PluginManager:220 - loadIPPluginJar : add openamp
2024-09-27 15:37:16,732 [INFO] IPUIPlugin:80 - create IPUIPlugin
2024-09-27 15:37:16,732 [INFO] PluginManager:220 - loadIPPluginJar : add pdm2pcm
2024-09-27 15:37:16,735 [INFO] IPUIPlugin:80 - create IPUIPlugin
2024-09-27 15:37:16,737 [INFO] PluginManager:220 - loadIPPluginJar : add plateformsettings
2024-09-27 15:37:16,737 [INFO] IPUIPlugin:80 - create IPUIPlugin
2024-09-27 15:37:16,738 [INFO] PluginManager:220 - loadIPPluginJar : add quadspi
2024-09-27 15:37:16,739 [INFO] IPUIPlugin:80 - create IPUIPlugin
2024-09-27 15:37:16,740 [INFO] PluginManager:220 - loadIPPluginJar : add radio
2024-09-27 15:37:16,744 [INFO] IPUIPlugin:80 - create IPUIPlugin
2024-09-27 15:37:16,744 [INFO] PluginManager:220 - loadIPPluginJar : add resmgrutility
2024-09-27 15:37:16,745 [INFO] IPUIPlugin:80 - create IPUIPlugin
2024-09-27 15:37:16,746 [INFO] PluginManager:220 - loadIPPluginJar : add sai
2024-09-27 15:37:16,747 [INFO] IPUIPlugin:80 - create IPUIPlugin
2024-09-27 15:37:16,747 [INFO] PluginManager:220 - loadIPPluginJar : add spi
2024-09-27 15:37:16,750 [INFO] IPUIPlugin:80 - create IPUIPlugin
2024-09-27 15:37:16,750 [INFO] PluginManager:220 - loadIPPluginJar : add stm32_wpan
2024-09-27 15:37:16,751 [INFO] IPUIPlugin:80 - create IPUIPlugin
2024-09-27 15:37:16,751 [INFO] PluginManager:220 - loadIPPluginJar : add tim
2024-09-27 15:37:16,753 [INFO] IPUIPlugin:80 - create IPUIPlugin
2024-09-27 15:37:16,753 [INFO] PluginManager:220 - loadIPPluginJar : add touchsensing
2024-09-27 15:37:16,754 [INFO] IPUIPlugin:80 - create IPUIPlugin
2024-09-27 15:37:16,754 [INFO] PluginManager:220 - loadIPPluginJar : add tracer_emb
2024-09-27 15:37:16,755 [INFO] IPUIPlugin:80 - create IPUIPlugin
2024-09-27 15:37:16,755 [INFO] PluginManager:220 - loadIPPluginJar : add ts
2024-09-27 15:37:16,755 [INFO] IPUIPlugin:80 - create IPUIPlugin
2024-09-27 15:37:16,756 [INFO] PluginManager:220 - loadIPPluginJar : add tsc
2024-09-27 15:37:16,756 [INFO] IPUIPlugin:80 - create IPUIPlugin
2024-09-27 15:37:16,757 [INFO] PluginManager:220 - loadIPPluginJar : add ucpd
2024-09-27 15:37:16,758 [INFO] IPUIPlugin:80 - create IPUIPlugin
2024-09-27 15:37:16,758 [INFO] PluginManager:220 - loadIPPluginJar : add usart
2024-09-27 15:37:16,760 [INFO] IPUIPlugin:80 - create IPUIPlugin
2024-09-27 15:37:16,760 [INFO] PluginManager:220 - loadIPPluginJar : add usbx
2024-09-27 15:37:16,866 [INFO] CADModel:165 - CPN selected for project level
2024-09-27 15:37:16,866 [INFO] CADModel:114 - Register for checkConnection events
2024-09-27 15:37:16,866 [FATAL] Updater:334 - Updater called before beeing initialized
2024-09-27 15:37:16,866 [ERROR] CADModel:125 - Updater not yet initialized, retry later 
2024-09-27 15:37:16,969 [INFO] CADModel:165 - CPN selected for project level
2024-09-27 15:37:16,969 [INFO] CADModel:114 - Register for checkConnection events
2024-09-27 15:37:16,969 [FATAL] Updater:334 - Updater called before beeing initialized
2024-09-27 15:37:16,970 [ERROR] CADModel:125 - Updater not yet initialized, retry later 
2024-09-27 15:37:16,972 [FATAL] Updater:334 - Updater called before beeing initialized
2024-09-27 15:37:17,054 [FATAL] Updater:334 - Updater called before beeing initialized
2024-09-27 15:37:17,058 [INFO] DbMcusAds:53 - JSON generation date=Fri Sep 20 15:04:23 CEST 2024 (1726837463098)
2024-09-27 15:37:17,058 [FATAL] Updater:334 - Updater called before beeing initialized
2024-09-27 15:37:17,082 [WARN] DetailPanel:346 - Failed to get advertising image, set to default
2024-09-27 15:37:17,142 [FATAL] Updater:334 - Updater called before beeing initialized
2024-09-27 15:37:17,144 [FATAL] Updater:334 - Updater called before beeing initialized
2024-09-27 15:37:17,144 [FATAL] Updater:334 - Updater called before beeing initialized
2024-09-27 15:37:17,144 [WARN] DetailPanel:346 - Failed to get advertising image, set to default
2024-09-27 15:37:17,145 [FATAL] Updater:334 - Updater called before beeing initialized
2024-09-27 15:37:17,191 [ERROR] Updater:1164 - MainUpdater not yet initialized. External WinMGr cannot be set.
2024-09-27 15:37:17,192 [INFO] Updater:1100 - Updater Version found : 6.12.1
2024-09-27 15:37:17,208 [INFO] ApplicationProperties:184 - Using Application install path: C:\ST\STM32CubeIDE_1.16.0\STM32CubeIDE\plugins\com.st.stm32cube.common.mx_6.12.1.202409122256
2024-09-27 15:37:18,784 [ERROR] LogOutputStream:75 - [STDERR_REDIRECT] Sep 27, 2024 3:37:18 PM java.util.prefs.WindowsPreferences <init>
2024-09-27 15:37:18,785 [ERROR] LogOutputStream:75 - [STDERR_REDIRECT] WARNING: Could not open/create prefs root node Software\JavaSoft\Prefs at root 0xffffffff80000002. Windows RegCreateKeyEx(...) returned error code 5.
2024-09-27 15:37:18,785 [ERROR] LogOutputStream:75 - [STDERR_REDIRECT] 
2024-09-27 15:37:19,111 [INFO] MainUpdater:2873 - connection check result : 10
2024-09-27 15:37:19,111 [INFO] MainUpdater:290 - Updater Check For Update Now.
2024-09-27 15:37:19,111 [INFO] MicroXplorer:498 - Change Database Version : DB.6.0.121
2024-09-27 15:37:19,125 [INFO] McuFinderGlobals:63 - Set McuFinder mode to 2 (CubeIDE integrated)
2024-09-27 15:37:19,126 [INFO] UserAuth:417 - Internet connection configuration mode: 1
2024-09-27 15:37:19,168 [INFO] JxBrowserEngine:152 - Initiate JxBrowser Engine with user profile folder
2024-09-27 15:37:19,262 [WARN] MainUpdater:1194 - Updater busy. Cannot search thirdparties
2024-09-27 15:37:19,262 [INFO] ThirdPartyUpdaterWithRetryManager:96 - Updater plugin is busy. [1/15]
2024-09-27 15:37:19,284 [INFO] CheckServerUpdateThread:120 - End of CheckServer Thread
2024-09-27 15:37:19,661 [INFO] WebApp:167 - Instantiating new browser for Auth
2024-09-27 15:37:20,242 [INFO] WebApp:448 - Apply proxy settings
2024-09-27 15:37:20,243 [INFO] WebApp:533 - Chromium requires no authentication
2024-09-27 15:37:20,255 [INFO] WebApp:476 - Direct internet connection detected
2024-09-27 15:37:20,282 [INFO] WebApp:869 - Register for checkConnection events
2024-09-27 15:37:20,282 [INFO] WebApp:448 - Apply proxy settings
2024-09-27 15:37:20,282 [INFO] WebApp:533 - Chromium requires no authentication
2024-09-27 15:37:20,282 [INFO] WebApp:476 - Direct internet connection detected
2024-09-27 15:37:20,446 [INFO] WebApp:220 - Starting web application
2024-09-27 15:37:20,447 [INFO] WebApp:578 - Web application path used C:\ST\STM32CubeIDE_1.16.0\STM32CubeIDE\plugins\com.st.stm32cube.common.mx_6.12.1.202409122256\db\plugins\mcufinder\reactClient1\index.html
2024-09-27 15:37:20,547 [INFO] UserAuth:417 - Internet connection configuration mode: 1
2024-09-27 15:37:20,572 [INFO] WebApp:186 - Connection restablished
2024-09-27 15:37:22,468 [WARN] PackLoader:240 - Cannot read IP mode file for STMicroelectronics.FP-SNS-MOTENVWB1.1.4.0
2024-09-27 15:37:22,480 [WARN] PackLoader:240 - Cannot read IP mode file for STMicroelectronics.X-CUBE-SMBUS.2.1.0
2024-09-27 15:37:22,506 [WARN] PackLoader:240 - Cannot read IP mode file for STMicroelectronics.X-CUBE-AZRTOS-F7.1.1.0
2024-09-27 15:37:22,566 [WARN] PackLoader:240 - Cannot read IP mode file for STMicroelectronics.X-CUBE-MEMS1.11.0.0
2024-09-27 15:37:22,692 [WARN] PackLoader:240 - Cannot read IP mode file for STMicroelectronics.FP-SNS-FLIGHT1.5.0.2
2024-09-27 15:37:22,704 [WARN] PackLoader:240 - Cannot read IP mode file for STMicroelectronics.X-CUBE-DISPLAY.3.0.0
2024-09-27 15:37:22,720 [WARN] PackLoader:240 - Cannot read IP mode file for STMicroelectronics.X-CUBE-BLE1.7.0.0
2024-09-27 15:37:22,726 [WARN] PackLoader:240 - Cannot read IP mode file for STMicroelectronics.X-CUBE-NFC10.1.0.0
2024-09-27 15:37:22,732 [WARN] PackLoader:240 - Cannot read IP mode file for emotas.I-CUBE-CANOPEN.1.3.0
2024-09-27 15:37:22,745 [WARN] PackLoader:240 - Cannot read IP mode file for STMicroelectronics.X-CUBE-BLEMGR.3.1.0
2024-09-27 15:37:22,752 [WARN] PackLoader:240 - Cannot read IP mode file for STMicroelectronics.FP-SNS-SMARTAG2.1.2.0
2024-09-27 15:37:22,761 [INFO] LogOutputStream:77 - [STDOUT_REDIRECT] 1 : Invalid condition id : UX_CORESTACK_Condition cause : null
2024-09-27 15:37:22,762 [INFO] LogOutputStream:77 - [STDOUT_REDIRECT] 1 : Invalid condition id : UX_CORESTACK_Condition cause : null
2024-09-27 15:37:22,764 [INFO] LogOutputStream:77 - [STDOUT_REDIRECT] 1 : Invalid condition id : UX_CORESTACK_Condition cause : null
2024-09-27 15:37:22,765 [INFO] LogOutputStream:77 - [STDOUT_REDIRECT] 1 : Invalid condition id : UX_CORESTACK_Condition cause : null
2024-09-27 15:37:22,766 [INFO] LogOutputStream:77 - [STDOUT_REDIRECT] 1 : Invalid condition id : UX_CORESTACK_Condition cause : null
2024-09-27 15:37:22,768 [WARN] PackLoader:240 - Cannot read IP mode file for STMicroelectronics.X-CUBE-AZRTOS-WL.2.0.0
2024-09-27 15:37:22,773 [WARN] PackLoader:240 - Cannot read IP mode file for STMicroelectronics.FP-SNS-MOTENV1.5.0.0
2024-09-27 15:37:22,778 [WARN] PackLoader:240 - Cannot read IP mode file for wolfSSL.I-CUBE-wolfMQTT.1.19.0
2024-09-27 15:37:22,790 [WARN] PackLoader:240 - Cannot read IP mode file for WES.I-CUBE-Cesium.1.3.0
2024-09-27 15:37:22,794 [WARN] PackLoader:240 - Cannot read IP mode file for STMicroelectronics.X-CUBE-BLE2.3.3.0
2024-09-27 15:37:22,799 [WARN] PackLoader:240 - Cannot read IP mode file for STMicroelectronics.X-CUBE-NFC9.1.0.0
2024-09-27 15:37:22,804 [WARN] PackLoader:240 - Cannot read IP mode file for STMicroelectronics.X-CUBE-TCPP.4.1.0
2024-09-27 15:37:22,814 [WARN] PackLoader:240 - Cannot read IP mode file for STMicroelectronics.X-CUBE-AZRTOS-G0.1.1.0
2024-09-27 15:37:22,819 [WARN] PackLoader:240 - Cannot read IP mode file for STMicroelectronics.X-CUBE-SAFEA1.1.2.2
2024-09-27 15:37:22,824 [WARN] PackLoader:240 - Cannot read IP mode file for STMicroelectronics.X-CUBE-NFC4.3.0.0
2024-09-27 15:37:22,834 [WARN] PackLoader:240 - Cannot read IP mode file for EmbeddedOffice.I-CUBE-FS-RTOS.1.0.1
2024-09-27 15:37:22,835 [ERROR] ConditionMgr:805 - Attr not supported : Dmpu
2024-09-27 15:37:22,835 [ERROR] ConditionMgr:805 - Attr not supported : Dmpu
2024-09-27 15:37:22,835 [ERROR] ConditionMgr:805 - Attr not supported : Dmpu
2024-09-27 15:37:22,835 [ERROR] ConditionMgr:805 - Attr not supported : Dmpu
2024-09-27 15:37:22,835 [ERROR] ConditionMgr:805 - Attr not supported : Dmpu
2024-09-27 15:37:22,835 [ERROR] ConditionMgr:805 - Attr not supported : Dmpu
2024-09-27 15:37:22,835 [ERROR] ConditionMgr:805 - Attr not supported : Dmpu
2024-09-27 15:37:22,835 [ERROR] ConditionMgr:805 - Attr not supported : Dmpu
2024-09-27 15:37:22,835 [ERROR] ConditionMgr:805 - Attr not supported : Dmpu
2024-09-27 15:37:22,835 [ERROR] ConditionMgr:805 - Attr not supported : Dmpu
2024-09-27 15:37:22,835 [ERROR] ConditionMgr:805 - Attr not supported : Dmpu
2024-09-27 15:37:22,835 [ERROR] ConditionMgr:805 - Attr not supported : Dmpu
2024-09-27 15:37:22,835 [ERROR] ConditionMgr:805 - Attr not supported : Dmpu
2024-09-27 15:37:22,835 [ERROR] ConditionMgr:805 - Attr not supported : Dmpu
2024-09-27 15:37:22,835 [ERROR] ConditionMgr:805 - Attr not supported : Dmpu
2024-09-27 15:37:22,835 [ERROR] ConditionMgr:805 - Attr not supported : Dmpu
2024-09-27 15:37:22,835 [ERROR] ConditionMgr:805 - Attr not supported : Dmpu
2024-09-27 15:37:22,835 [ERROR] ConditionMgr:805 - Attr not supported : Dmpu
2024-09-27 15:37:22,835 [ERROR] ConditionMgr:805 - Attr not supported : Dmpu
2024-09-27 15:37:22,835 [ERROR] ConditionMgr:805 - Attr not supported : Dmpu
2024-09-27 15:37:22,835 [ERROR] ConditionMgr:805 - Attr not supported : Dmpu
2024-09-27 15:37:22,835 [ERROR] ConditionMgr:805 - Attr not supported : Dmpu
2024-09-27 15:37:22,835 [ERROR] ConditionMgr:805 - Attr not supported : Dmpu
2024-09-27 15:37:22,835 [ERROR] ConditionMgr:805 - Attr not supported : Dmpu
2024-09-27 15:37:22,835 [ERROR] ConditionMgr:805 - Attr not supported : Dmpu
2024-09-27 15:37:22,835 [ERROR] ConditionMgr:805 - Attr not supported : Dmpu
2024-09-27 15:37:22,835 [ERROR] ConditionMgr:805 - Attr not supported : Dmpu
2024-09-27 15:37:22,835 [ERROR] ConditionMgr:805 - Attr not supported : Dmpu
2024-09-27 15:37:22,836 [ERROR] ConditionMgr:805 - Attr not supported : Dmpu
2024-09-27 15:37:22,836 [ERROR] ConditionMgr:805 - Attr not supported : Dmpu
2024-09-27 15:37:22,836 [ERROR] ConditionMgr:805 - Attr not supported : Dmpu
2024-09-27 15:37:22,836 [ERROR] ConditionMgr:805 - Attr not supported : Dmpu
2024-09-27 15:37:22,836 [ERROR] ConditionMgr:805 - Attr not supported : Dmpu
2024-09-27 15:37:22,836 [ERROR] ConditionMgr:805 - Attr not supported : Dmpu
2024-09-27 15:37:22,836 [ERROR] ConditionMgr:805 - Attr not supported : Dmpu
2024-09-27 15:37:22,836 [ERROR] ConditionMgr:805 - Attr not supported : Dmpu
2024-09-27 15:37:22,836 [ERROR] ConditionMgr:805 - Attr not supported : Dmpu
2024-09-27 15:37:22,836 [ERROR] ConditionMgr:805 - Attr not supported : Dmpu
2024-09-27 15:37:22,836 [ERROR] ConditionMgr:805 - Attr not supported : Dmpu
2024-09-27 15:37:22,836 [ERROR] ConditionMgr:805 - Attr not supported : Dmpu
2024-09-27 15:37:22,836 [ERROR] ConditionMgr:805 - Attr not supported : Dmpu
2024-09-27 15:37:22,836 [ERROR] ConditionMgr:805 - Attr not supported : Dmpu
2024-09-27 15:37:22,836 [ERROR] ConditionMgr:805 - Attr not supported : Dmpu
2024-09-27 15:37:22,836 [ERROR] ConditionMgr:805 - Attr not supported : Dmpu
2024-09-27 15:37:22,836 [ERROR] ConditionMgr:805 - Attr not supported : Dmpu
2024-09-27 15:37:22,836 [ERROR] ConditionMgr:805 - Attr not supported : Dmpu
2024-09-27 15:37:22,836 [ERROR] ConditionMgr:805 - Attr not supported : Dmpu
2024-09-27 15:37:22,836 [ERROR] ConditionMgr:805 - Attr not supported : Dmpu
2024-09-27 15:37:22,836 [ERROR] ConditionMgr:805 - Attr not supported : Dmpu
2024-09-27 15:37:22,836 [ERROR] ConditionMgr:805 - Attr not supported : Dmpu
2024-09-27 15:37:22,836 [ERROR] ConditionMgr:805 - Attr not supported : Dmpu
2024-09-27 15:37:22,836 [ERROR] ConditionMgr:805 - Attr not supported : Dmpu
2024-09-27 15:37:22,836 [ERROR] ConditionMgr:805 - Attr not supported : Dmpu
2024-09-27 15:37:22,836 [ERROR] ConditionMgr:805 - Attr not supported : Dmpu
2024-09-27 15:37:22,836 [ERROR] ConditionMgr:805 - Attr not supported : Dmpu
2024-09-27 15:37:22,836 [ERROR] ConditionMgr:805 - Attr not supported : Dmpu
2024-09-27 15:37:22,836 [ERROR] ConditionMgr:805 - Attr not supported : Dmpu
2024-09-27 15:37:22,836 [ERROR] ConditionMgr:805 - Attr not supported : Dmpu
2024-09-27 15:37:22,837 [ERROR] ConditionMgr:805 - Attr not supported : Dmpu
2024-09-27 15:37:22,837 [ERROR] ConditionMgr:805 - Attr not supported : Dmpu
2024-09-27 15:37:22,837 [ERROR] ConditionMgr:805 - Attr not supported : Dmpu
2024-09-27 15:37:22,837 [ERROR] ConditionMgr:805 - Attr not supported : Dmpu
2024-09-27 15:37:22,837 [ERROR] ConditionMgr:805 - Attr not supported : Dmpu
2024-09-27 15:37:22,837 [ERROR] ConditionMgr:805 - Attr not supported : Dmpu
2024-09-27 15:37:22,841 [WARN] PackLoader:240 - Cannot read IP mode file for RealThread.X-CUBE-RT-Thread_Nano.4.1.1
2024-09-27 15:37:22,844 [WARN] PackLoader:240 - Cannot read IP mode file for STMicroelectronics.FP-ATR-SIGFOX1.3.2.0
2024-09-27 15:37:22,847 [WARN] PackLoader:240 - Cannot read IP mode file for wolfSSL.I-CUBE-wolfSSL.5.7.2
2024-09-27 15:37:22,853 [WARN] PackLoader:240 - Cannot read IP mode file for STMicroelectronics.X-CUBE-EEPRMA1.5.1.0
2024-09-27 15:37:22,858 [WARN] PackLoader:240 - Cannot read IP mode file for ITTIA_DB.I-CUBE-ITTIADB.8.9.0
2024-09-27 15:37:22,878 [WARN] PackLoader:240 - Cannot read IP mode file for SEGGER.I-CUBE-embOS.1.3.1
2024-09-27 15:37:22,931 [WARN] PackLoader:240 - Cannot read IP mode file for STMicroelectronics.X-CUBE-ALGOBUILD.1.4.0
2024-09-27 15:37:22,943 [WARN] PackLoader:240 - Cannot read IP mode file for STMicroelectronics.X-CUBE-GNSS1.6.0.0
2024-09-27 15:37:22,970 [WARN] PackLoader:240 - Cannot read IP mode file for STMicroelectronics.X-CUBE-AZRTOS-F4.1.1.0
2024-09-27 15:37:22,979 [WARN] PackLoader:240 - Cannot read IP mode file for STMicroelectronics.X-CUBE-ISPU.2.1.0
2024-09-27 15:37:22,986 [WARN] PackLoader:240 - Cannot read IP mode file for STMicroelectronics.X-CUBE-FREERTOS.1.2.0
2024-09-27 15:37:22,998 [WARN] PackLoader:240 - Cannot read IP mode file for STMicroelectronics.X-CUBE-AZRTOS-L5.2.0.0
2024-09-27 15:37:23,003 [WARN] PackLoader:240 - Cannot read IP mode file for STMicroelectronics.X-CUBE-NFC6.3.1.0
2024-09-27 15:37:23,008 [WARN] PackLoader:240 - Cannot read IP mode file for STMicroelectronics.X-CUBE-DPower.1.2.0
2024-09-27 15:37:23,014 [WARN] PackLoader:240 - Cannot read IP mode file for STMicroelectronics.X-CUBE-AI.9.0.0
2024-09-27 15:37:23,018 [WARN] PackLoader:240 - Cannot read IP mode file for STMicroelectronics.X-CUBE-NFC7.1.0.1
2024-09-27 15:37:23,021 [WARN] PackLoader:240 - Cannot read IP mode file for wolfSSL.I-CUBE-wolfTPM.3.2.0
2024-09-27 15:37:23,035 [WARN] ConditionMgr:438 - getConditionDescription Invalid condition id : LAN8742 Phy interface Condition cause : null
2024-09-27 15:37:23,036 [WARN] PackLoader:240 - Cannot read IP mode file for STMicroelectronics.X-CUBE-AZRTOS-L4.2.0.0
2024-09-27 15:37:23,037 [WARN] ConditionMgr:1039 - genDependencies : Invalid condition id : LAN8742 Phy interface Condition cause : null
2024-09-27 15:37:23,037 [WARN] ConditionMgr:1039 - genDependencies : Invalid condition id : LAN8742 Phy interface Condition cause : null
2024-09-27 15:37:23,037 [WARN] ConditionMgr:1039 - genDependencies : Invalid condition id : LAN8742 Phy interface Condition cause : null
2024-09-27 15:37:23,042 [WARN] PackLoader:240 - Cannot read IP mode file for STMicroelectronics.X-CUBE-SFXS2LP1.4.0.0
2024-09-27 15:37:23,061 [WARN] PackLoader:240 - Cannot read IP mode file for STMicroelectronics.X-CUBE-AZRTOS-H7.3.3.0
2024-09-27 15:37:23,078 [WARN] ConditionMgr:438 - getConditionDescription Invalid condition id : UX DEVICE CLASS RTOS Condition cause : null
2024-09-27 15:37:23,079 [WARN] ConditionMgr:438 - getConditionDescription Invalid condition id : UX DEVICE CLASS RTOS Condition cause : null
2024-09-27 15:37:23,085 [WARN] PackLoader:240 - Cannot read IP mode file for STMicroelectronics.X-CUBE-AZRTOS-WB.2.0.0
2024-09-27 15:37:23,086 [WARN] ConditionMgr:1039 - genDependencies : Invalid condition id : UX DEVICE CLASS RTOS Condition cause : null
2024-09-27 15:37:23,086 [WARN] ConditionMgr:1039 - genDependencies : Invalid condition id : UX DEVICE CLASS RTOS Condition cause : null
2024-09-27 15:37:23,087 [WARN] ConditionMgr:1039 - genDependencies : Invalid condition id : UX DEVICE CLASS RTOS Condition cause : null
2024-09-27 15:37:23,087 [WARN] ConditionMgr:1039 - genDependencies : Invalid condition id : UX DEVICE CLASS RTOS Condition cause : null
2024-09-27 15:37:23,087 [WARN] ConditionMgr:1039 - genDependencies : Invalid condition id : UX DEVICE CLASS RTOS Condition cause : null
2024-09-27 15:37:23,095 [WARN] PackLoader:240 - Cannot read IP mode file for STMicroelectronics.X-CUBE-GNSS1.7.0.0
2024-09-27 15:37:23,104 [WARN] PackLoader:240 - Cannot read IP mode file for STMicroelectronics.FP-SNS-STBOX1.2.0.0
2024-09-27 15:37:23,121 [WARN] PackLoader:240 - Cannot read IP mode file for STMicroelectronics.X-CUBE-SUBG2.5.0.0
2024-09-27 15:37:23,137 [WARN] PackLoader:240 - Cannot read IP mode file for Cesanta.I-CUBE-Mongoose.7.13.0
2024-09-27 15:37:23,152 [WARN] PackLoader:240 - Cannot read IP mode file for STMicroelectronics.X-CUBE-AZRTOS-G4.2.0.0
2024-09-27 15:37:23,160 [WARN] PackLoader:240 - Cannot read IP mode file for STMicroelectronics.X-CUBE-ISPU.2.0.0
2024-09-27 15:37:23,168 [WARN] PackLoader:240 - Cannot read IP mode file for STMicroelectronics.X-CUBE-ALS.1.0.2
2024-09-27 15:37:23,206 [WARN] PackLoader:240 - Cannot read IP mode file for STMicroelectronics.X-CUBE-MEMS1.10.0.0
2024-09-27 15:37:23,299 [WARN] PackLoader:240 - Cannot read IP mode file for STMicroelectronics.X-CUBE-TOUCHGFX.4.24.0
2024-09-27 15:37:23,303 [WARN] PackLoader:240 - Cannot read IP mode file for STMicroelectronics.X-CUBE-TOUCHGFX.4.24.1
2024-09-27 15:37:23,307 [WARN] PackLoader:240 - Cannot read IP mode file for portGmbH.I-Cube-SoM-uGOAL.1.1.0
2024-09-27 15:37:23,326 [WARN] PackLoader:240 - Cannot read IP mode file for STMicroelectronics.X-CUBE-AZRTOS-H7RS.1.0.0
2024-09-27 15:37:23,333 [WARN] PackLoader:240 - Cannot read IP mode file for STMicroelectronics.FP-ATR-ASTRA1.2.0.0
2024-09-27 15:37:23,344 [WARN] PackLoader:240 - Cannot read IP mode file for STMicroelectronics.X-CUBE-TOF1.3.4.2
2024-09-27 15:37:23,359 [WARN] PackLoader:240 - Cannot read IP mode file for STMicroelectronics.X-CUBE-TOF1.3.4.1
2024-09-27 15:37:23,396 [WARN] PackLoader:240 - Cannot read IP mode file for STMicroelectronics.X-CUBE-AZRTOS-H7.3.2.0
2024-09-27 15:37:23,412 [WARN] PackLoader:240 - Cannot read IP mode file for Infineon.AIROC-Wi-Fi-Bluetooth-STM32.1.6.0
2024-09-27 15:37:23,421 [WARN] PackLoader:240 - Cannot read IP mode file for wolfSSL.I-CUBE-wolfSSH.1.4.17
2024-09-27 15:37:23,422 [INFO] ThirdParty:978 - Integrity check success = true
2024-09-27 15:37:23,423 [INFO] IntegrityCheckThread:100 - exiting critical section [integrity check]
2024-09-27 15:37:23,423 [INFO] IntegrityCheckThread:103 - End integrity checks thread
2024-09-27 15:38:13,174 [ERROR] LogOutputStream:75 - [STDERR_REDIRECT] Managed Build system manifest file error: Option fr.ac6.managedbuild.option.gnu.cross.mcu.394851622 uses a null category that is invalid in its context. The option was ignored.
2024-09-27 15:38:13,175 [ERROR] LogOutputStream:75 - [STDERR_REDIRECT] Managed Build system manifest file error: Option fr.ac6.managedbuild.option.gnu.cross.fpu.1327229055 uses a null category that is invalid in its context. The option was ignored.
2024-09-27 15:38:13,178 [ERROR] LogOutputStream:75 - [STDERR_REDIRECT] Managed Build system manifest file error: Option fr.ac6.managedbuild.option.gnu.cross.floatabi.1636584684 uses a null category that is invalid in its context. The option was ignored.
2024-09-27 15:38:13,180 [ERROR] LogOutputStream:75 - [STDERR_REDIRECT] Managed Build system manifest file error: Option fr.ac6.managedbuild.option.gnu.cross.board.324877304 uses a null category that is invalid in its context. The option was ignored.
2024-09-27 15:38:13,214 [ERROR] LogOutputStream:75 - [STDERR_REDIRECT] Managed Build system manifest file error: Option fr.ac6.managedbuild.option.gnu.cross.mcu.19384094 uses a null category that is invalid in its context. The option was ignored.
2024-09-27 15:38:13,217 [ERROR] LogOutputStream:75 - [STDERR_REDIRECT] Managed Build system manifest file error: Option fr.ac6.managedbuild.option.gnu.cross.fpu.1711765115 uses a null category that is invalid in its context. The option was ignored.
2024-09-27 15:38:13,220 [ERROR] LogOutputStream:75 - [STDERR_REDIRECT] Managed Build system manifest file error: Option fr.ac6.managedbuild.option.gnu.cross.floatabi.1880392289 uses a null category that is invalid in its context. The option was ignored.
2024-09-27 15:38:13,224 [ERROR] LogOutputStream:75 - [STDERR_REDIRECT] Managed Build system manifest file error: Option fr.ac6.managedbuild.option.gnu.cross.board.237996223 uses a null category that is invalid in its context. The option was ignored.
2024-09-27 15:38:13,275 [ERROR] LogOutputStream:75 - [STDERR_REDIRECT] SLF4J: Failed to load class "org.slf4j.impl.StaticLoggerBinder".
2024-09-27 15:38:13,277 [ERROR] LogOutputStream:75 - [STDERR_REDIRECT] SLF4J: Defaulting to no-operation (NOP) logger implementation
2024-09-27 15:38:13,278 [ERROR] LogOutputStream:75 - [STDERR_REDIRECT] SLF4J: See http://www.slf4j.org/codes.html#StaticLoggerBinder for further details.
2024-09-27 15:38:49,031 [ERROR] LogOutputStream:75 - [STDERR_REDIRECT] 
