2024-09-26 17:49:43,448 [INFO] Activator:176 - 


2024-09-26 17:49:43,453 [INFO] Activator:177 - !SESSION log4j initialized
2024-09-26 17:49:48,817 [INFO] LogOutputStream:77 - [STDOUT_REDIRECT] 
2024-09-26 17:49:55,070 [INFO] ApplicationProperties:184 - Using Application install path: C:\ST\STM32CubeIDE_1.16.0\STM32CubeIDE\plugins\com.st.stm32cube.common.mx_6.12.1.202409122256
2024-09-26 17:49:55,083 [INFO] DbMcusXml:78 - Set database path to: C:\ST\STM32CubeIDE_1.16.0\STM32CubeIDE\plugins\com.st.stm32cube.common.mx_6.12.1.202409122256\\db\/mcu/
2024-09-26 17:49:55,084 [INFO] ApiDb:274 - Set plugin database path to: C:\ST\STM32CubeIDE_1.16.0\STM32CubeIDE\plugins\com.st.stm32cube.common.mx_6.12.1.202409122256\\db\/plugins/boardmanager/
2024-09-26 17:49:55,085 [WARN] ApiDb:259 - Overriding images path with different value:  => C:\ST\STM32CubeIDE_1.16.0\STM32CubeIDE\plugins\com.st.stm32cube.common.mx_6.12.1.202409122256\\db\/plugins/mcufinder/images/
2024-09-26 17:49:55,091 [INFO] ApiDb:250 - Set database path to: C:\Users\marko\.stmcufinder\plugins\mcufinder//mcu/
2024-09-26 17:49:55,091 [INFO] DbMcusAds:125 - Set database path to: C:\Users\marko\.stmcufinder\plugins\mcufinder//mcu/
2024-09-26 17:49:55,093 [INFO] CrossReferenceDbSqlite:203 - Set database path to: C:\Users\marko\.stmcufinder\plugins\mcufinder//mcu/cs/
2024-09-26 17:49:55,182 [INFO] RulesReader:64 - Compatibility file has been processed (297 Rules)
2024-09-26 17:49:55,248 [INFO] DbMcusXml:78 - Set database path to: C:\ST\STM32CubeIDE_1.16.0\STM32CubeIDE\plugins\com.st.stm32cube.common.mx_6.12.1.202409122256\\db\/mcu/
2024-09-26 17:49:55,248 [INFO] ApiDb:274 - Set plugin database path to: C:\ST\STM32CubeIDE_1.16.0\STM32CubeIDE\plugins\com.st.stm32cube.common.mx_6.12.1.202409122256\\db\/plugins/boardmanager/
2024-09-26 17:49:55,248 [INFO] ApiDb:261 - Set plugin images path to: C:\ST\STM32CubeIDE_1.16.0\STM32CubeIDE\plugins\com.st.stm32cube.common.mx_6.12.1.202409122256\\db\/plugins/mcufinder/images/
2024-09-26 17:49:55,248 [WARN] DbFile:41 - Overriding database path with different value: C:\Users\marko\.stmcufinder\plugins\mcufinder/ => C:\Users\marko\.stmcufinder\plugins\mcufinder
2024-09-26 17:49:55,248 [INFO] ApiDb:250 - Set database path to: C:\Users\marko\.stmcufinder\plugins\mcufinder//mcu/
2024-09-26 17:49:55,248 [WARN] DbFile:41 - Overriding database path with different value: C:\Users\marko\.stmcufinder\plugins\mcufinder/ => C:\Users\marko\.stmcufinder\plugins\mcufinder
2024-09-26 17:49:55,248 [INFO] DbMcusAds:125 - Set database path to: C:\Users\marko\.stmcufinder\plugins\mcufinder//mcu/
2024-09-26 17:49:55,248 [WARN] DbFile:41 - Overriding database path with different value: C:\Users\marko\.stmcufinder\plugins\mcufinder/ => C:\Users\marko\.stmcufinder\plugins\mcufinder
2024-09-26 17:49:55,248 [WARN] DbFile:41 - Overriding database path with different value: C:\Users\marko\.stmcufinder\plugins\mcufinder/ => C:\Users\marko\.stmcufinder\plugins\mcufinder
2024-09-26 17:49:55,248 [INFO] CrossReferenceDbSqlite:203 - Set database path to: C:\Users\marko\.stmcufinder\plugins\mcufinder//mcu/cs/
2024-09-26 17:49:55,314 [INFO] MainPanel:268 - HeapMemory: 268435456
2024-09-26 17:49:55,424 [INFO] DbMcusXml:78 - Set database path to: C:\ST\STM32CubeIDE_1.16.0\STM32CubeIDE\plugins\com.st.stm32cube.common.mx_6.12.1.202409122256\\db\/mcu/
2024-09-26 17:49:55,424 [INFO] ApiDb:274 - Set plugin database path to: C:\ST\STM32CubeIDE_1.16.0\STM32CubeIDE\plugins\com.st.stm32cube.common.mx_6.12.1.202409122256\\db\/plugins/boardmanager/
2024-09-26 17:49:55,424 [INFO] ApiDb:261 - Set plugin images path to: C:\ST\STM32CubeIDE_1.16.0\STM32CubeIDE\plugins\com.st.stm32cube.common.mx_6.12.1.202409122256\\db\/plugins/mcufinder/images/
2024-09-26 17:49:55,424 [WARN] DbFile:41 - Overriding database path with different value: C:\Users\marko\.stmcufinder\plugins\mcufinder/ => C:\Users\marko\.stmcufinder\plugins\mcufinder
2024-09-26 17:49:55,424 [INFO] ApiDb:250 - Set database path to: C:\Users\marko\.stmcufinder\plugins\mcufinder//mcu/
2024-09-26 17:49:55,424 [WARN] DbFile:41 - Overriding database path with different value: C:\Users\marko\.stmcufinder\plugins\mcufinder/ => C:\Users\marko\.stmcufinder\plugins\mcufinder
2024-09-26 17:49:55,425 [INFO] DbMcusAds:125 - Set database path to: C:\Users\marko\.stmcufinder\plugins\mcufinder//mcu/
2024-09-26 17:49:55,425 [WARN] DbFile:41 - Overriding database path with different value: C:\Users\marko\.stmcufinder\plugins\mcufinder/ => C:\Users\marko\.stmcufinder\plugins\mcufinder
2024-09-26 17:49:55,425 [WARN] DbFile:41 - Overriding database path with different value: C:\Users\marko\.stmcufinder\plugins\mcufinder/ => C:\Users\marko\.stmcufinder\plugins\mcufinder
2024-09-26 17:49:55,425 [INFO] CrossReferenceDbSqlite:203 - Set database path to: C:\Users\marko\.stmcufinder\plugins\mcufinder//mcu/cs/
2024-09-26 17:49:55,439 [INFO] ApplicationProperties:184 - Using Application install path: C:\ST\STM32CubeIDE_1.16.0\STM32CubeIDE\plugins\com.st.stm32cube.common.mx_6.12.1.202409122256
2024-09-26 17:49:55,440 [INFO] PluginManage:196 - Search for loadable plugins [exclusion list=, ]
2024-09-26 17:49:55,441 [INFO] PluginManage:310 - Check plugin analytics
2024-09-26 17:49:55,568 [INFO] AnalyticsPlugin:253 - Accepted Software Licenses: 
2024-09-26 17:49:55,569 [INFO] AnalyticsPlugin:255 - Accepted CMSIS Pack Licenses: 
2024-09-26 17:49:55,569 [INFO] AnalyticsPlugin:257 - Accepted Firmware Licenses: FW.F4.1.28.0
2024-09-26 17:49:55,571 [INFO] PluginManage:359 - Loaded plugin analytics (category:tool,tabindex:-1)
2024-09-26 17:49:55,571 [INFO] PluginManage:310 - Check plugin cadmodel
2024-09-26 17:49:55,583 [INFO] CADModel:105 - Init CAD model plugin
2024-09-26 17:49:55,583 [INFO] PluginManage:359 - Loaded plugin cadmodel (category:power,tabindex:5)
2024-09-26 17:49:55,583 [INFO] PluginManage:310 - Check plugin clock
2024-09-26 17:49:55,597 [INFO] PluginManage:359 - Loaded plugin clock (category:base,tabindex:2)
2024-09-26 17:49:55,597 [INFO] PluginManage:310 - Check plugin ddr
2024-09-26 17:49:55,599 [INFO] PluginManage:359 - Loaded plugin ddr (category:tool,tabindex:6)
2024-09-26 17:49:55,599 [INFO] PluginManage:310 - Check plugin filemanager
2024-09-26 17:49:55,710 [INFO] PluginManage:359 - Loaded plugin filemanager (category:base,tabindex:10)
2024-09-26 17:49:55,710 [INFO] PluginManage:310 - Check plugin ipmanager
2024-09-26 17:49:55,715 [INFO] PluginManage:359 - Loaded plugin ipmanager (category:base,tabindex:5)
2024-09-26 17:49:55,715 [INFO] PluginManage:310 - Check plugin lpbam
2024-09-26 17:49:55,730 [INFO] PluginManage:359 - Loaded plugin lpbam (category:base,tabindex:0)
2024-09-26 17:49:55,730 [INFO] PluginManage:310 - Check plugin memorymap
2024-09-26 17:49:55,748 [INFO] PluginManage:359 - Loaded plugin memorymap (category:base,tabindex:4)
2024-09-26 17:49:55,748 [INFO] PluginManage:310 - Check plugin pinoutandconfiguration
2024-09-26 17:49:55,764 [INFO] PluginManage:359 - Loaded plugin pinoutandconfiguration (category:base,tabindex:1)
2024-09-26 17:49:55,764 [INFO] PluginManage:310 - Check plugin pinoutconfig
2024-09-26 17:49:55,850 [WARN] SupportedApi:132 - Cannot load RTOS API schema: s4s-elt-must-match.1: The content of 'definitions' must match (annotation?, (simpleType | complexType)?, (unique | key | keyref)*)). A problem was found starting at: attribute.
2024-09-26 17:49:55,949 [INFO] PluginManage:359 - Loaded plugin pinoutconfig (category:base,tabindex:0)
2024-09-26 17:49:55,949 [INFO] PluginManage:310 - Check plugin power
2024-09-26 17:49:55,964 [INFO] PluginManage:359 - Loaded plugin power (category:power,tabindex:4)
2024-09-26 17:49:55,964 [INFO] PluginManage:310 - Check plugin projectmanager
2024-09-26 17:49:55,975 [INFO] PluginManage:359 - Loaded plugin projectmanager (category:projectmanager,tabindex:4)
2024-09-26 17:49:55,975 [INFO] PluginManage:310 - Check plugin rif
2024-09-26 17:49:55,988 [INFO] PluginManage:359 - Loaded plugin rif (category:base,tabindex:3)
2024-09-26 17:49:55,988 [INFO] PluginManage:310 - Check plugin thirdparty
2024-09-26 17:49:56,195 [INFO] PluginManage:359 - Loaded plugin thirdparty (category:base,tabindex:-1)
2024-09-26 17:49:56,195 [WARN] IntegrityCheckThread:84 - waiting for thirdparty lock release [integrity check]
2024-09-26 17:49:56,195 [INFO] PluginManage:310 - Check plugin tools
2024-09-26 17:49:56,195 [INFO] IntegrityCheckThread:86 - entering critical section [integrity check]
2024-09-26 17:49:56,196 [INFO] ThirdPartyUpdaterWithRetryManager:70 - Updater plugin not ready yet. [1/15]
2024-09-26 17:49:56,222 [INFO] PluginManage:359 - Loaded plugin tools (category:base,tabindex:7)
2024-09-26 17:49:56,222 [INFO] PluginManage:310 - Check plugin tutovideos
2024-09-26 17:49:56,380 [INFO] PluginManage:359 - Loaded plugin tutovideos (category:base,tabindex:-1)
2024-09-26 17:49:56,380 [INFO] PluginManage:310 - Check plugin updater
2024-09-26 17:49:56,394 [INFO] PluginManage:359 - Loaded plugin updater (category:base,tabindex:12)
2024-09-26 17:49:56,394 [INFO] PluginManage:310 - Check plugin userauth
2024-09-26 17:49:56,399 [INFO] UserAuth:113 - Init User Auth plugin
2024-09-26 17:49:56,399 [INFO] PluginManage:359 - Loaded plugin userauth (category:base,tabindex:14)
2024-09-26 17:49:56,399 [INFO] PluginManage:283 - PluginManage : Loaded plugins [18]
2024-09-26 17:49:56,549 [INFO] PinOutPanel:1561 - setPackage(No Configuration,No Configuration)
2024-09-26 17:49:56,612 [INFO] CADModel:165 - CPN selected for project level
2024-09-26 17:49:56,613 [INFO] CADModel:114 - Register for checkConnection events
2024-09-26 17:49:56,634 [INFO] IPUIPlugin:80 - create IPUIPlugin
2024-09-26 17:49:56,634 [INFO] PluginManager:220 - loadIPPluginJar : add adc
2024-09-26 17:49:56,665 [INFO] IPUIPlugin:80 - create IPUIPlugin
2024-09-26 17:49:56,666 [INFO] PluginManager:220 - loadIPPluginJar : add aes
2024-09-26 17:49:56,707 [INFO] IPUIPlugin:80 - create IPUIPlugin
2024-09-26 17:49:56,707 [INFO] PluginManager:220 - loadIPPluginJar : add can
2024-09-26 17:49:56,729 [INFO] IPUIPlugin:80 - create IPUIPlugin
2024-09-26 17:49:56,730 [INFO] PluginManager:220 - loadIPPluginJar : add comp
2024-09-26 17:49:56,760 [INFO] IPUIPlugin:80 - create IPUIPlugin
2024-09-26 17:49:56,760 [INFO] PluginManager:220 - loadIPPluginJar : add cryp
2024-09-26 17:49:56,771 [INFO] IPUIPlugin:80 - create IPUIPlugin
2024-09-26 17:49:56,771 [INFO] PluginManager:220 - loadIPPluginJar : add ddr_ctrl_phy
2024-09-26 17:49:56,810 [INFO] IPUIPlugin:80 - create IPUIPlugin
2024-09-26 17:49:56,810 [INFO] PluginManager:220 - loadIPPluginJar : add dfsdm
2024-09-26 17:49:56,821 [INFO] IPUIPlugin:80 - create IPUIPlugin
2024-09-26 17:49:56,821 [INFO] PluginManager:220 - loadIPPluginJar : add dma
2024-09-26 17:49:56,864 [INFO] IPUIPlugin:80 - create IPUIPlugin
2024-09-26 17:49:56,864 [INFO] PluginManager:220 - loadIPPluginJar : add dma3
2024-09-26 17:49:56,902 [INFO] IPUIPlugin:80 - create IPUIPlugin
2024-09-26 17:49:56,902 [INFO] PluginManager:220 - loadIPPluginJar : add extmemmanager
2024-09-26 17:49:56,922 [INFO] IPUIPlugin:80 - create IPUIPlugin
2024-09-26 17:49:56,922 [INFO] PluginManager:220 - loadIPPluginJar : add fatfs
2024-09-26 17:49:56,971 [INFO] IPUIPlugin:80 - create IPUIPlugin
2024-09-26 17:49:56,971 [INFO] PluginManager:220 - loadIPPluginJar : add fmc
2024-09-26 17:49:56,986 [INFO] IPUIPlugin:80 - create IPUIPlugin
2024-09-26 17:49:56,986 [INFO] PluginManager:220 - loadIPPluginJar : add freertos
2024-09-26 17:49:57,005 [INFO] IPUIPlugin:80 - create IPUIPlugin
2024-09-26 17:49:57,005 [INFO] PluginManager:220 - loadIPPluginJar : add genericplugin
2024-09-26 17:49:57,087 [INFO] IPUIPlugin:80 - create IPUIPlugin
2024-09-26 17:49:57,087 [INFO] PluginManager:220 - loadIPPluginJar : add gfxmmu
2024-09-26 17:49:57,218 [INFO] IPUIPlugin:80 - create IPUIPlugin
2024-09-26 17:49:57,218 [INFO] PluginManager:220 - loadIPPluginJar : add gic
2024-09-26 17:49:57,230 [INFO] IPUIPlugin:80 - create IPUIPlugin
2024-09-26 17:49:57,230 [INFO] PluginManager:220 - loadIPPluginJar : add gpio
2024-09-26 17:49:57,328 [INFO] IPUIPlugin:80 - create IPUIPlugin
2024-09-26 17:49:57,328 [INFO] PluginManager:220 - loadIPPluginJar : add gtzc
2024-09-26 17:49:57,361 [INFO] IPUIPlugin:80 - create IPUIPlugin
2024-09-26 17:49:57,361 [INFO] PluginManager:220 - loadIPPluginJar : add hash
2024-09-26 17:49:57,413 [INFO] IPUIPlugin:80 - create IPUIPlugin
2024-09-26 17:49:57,413 [INFO] PluginManager:220 - loadIPPluginJar : add i2c
2024-09-26 17:49:57,453 [INFO] IPUIPlugin:80 - create IPUIPlugin
2024-09-26 17:49:57,454 [INFO] PluginManager:220 - loadIPPluginJar : add i2s
2024-09-26 17:49:57,485 [INFO] IPUIPlugin:80 - create IPUIPlugin
2024-09-26 17:49:57,486 [INFO] PluginManager:220 - loadIPPluginJar : add i3c
2024-09-26 17:49:57,598 [INFO] IPUIPlugin:80 - create IPUIPlugin
2024-09-26 17:49:57,599 [INFO] PluginManager:220 - loadIPPluginJar : add ipddr
2024-09-26 17:49:57,692 [INFO] IPUIPlugin:80 - create IPUIPlugin
2024-09-26 17:49:57,693 [INFO] PluginManager:220 - loadIPPluginJar : add linkedlist
2024-09-26 17:49:57,725 [INFO] IPUIPlugin:80 - create IPUIPlugin
2024-09-26 17:49:57,725 [INFO] PluginManager:220 - loadIPPluginJar : add lorawan
2024-09-26 17:49:57,760 [INFO] IPUIPlugin:80 - create IPUIPlugin
2024-09-26 17:49:57,760 [INFO] PluginManager:220 - loadIPPluginJar : add ltdc
2024-09-26 17:49:57,773 [INFO] IPUIPlugin:80 - create IPUIPlugin
2024-09-26 17:49:57,773 [INFO] PluginManager:220 - loadIPPluginJar : add mdma
2024-09-26 17:49:57,785 [INFO] IPUIPlugin:80 - create IPUIPlugin
2024-09-26 17:49:57,785 [INFO] PluginManager:220 - loadIPPluginJar : add nvic
2024-09-26 17:49:57,822 [INFO] IPUIPlugin:80 - create IPUIPlugin
2024-09-26 17:49:57,822 [INFO] PluginManager:220 - loadIPPluginJar : add opamp
2024-09-26 17:49:57,882 [INFO] IPUIPlugin:80 - create IPUIPlugin
2024-09-26 17:49:57,882 [INFO] PluginManager:220 - loadIPPluginJar : add openamp
2024-09-26 17:49:57,926 [INFO] IPUIPlugin:80 - create IPUIPlugin
2024-09-26 17:49:57,926 [INFO] PluginManager:220 - loadIPPluginJar : add pdm2pcm
2024-09-26 17:49:57,943 [INFO] IPUIPlugin:80 - create IPUIPlugin
2024-09-26 17:49:57,945 [INFO] PluginManager:220 - loadIPPluginJar : add plateformsettings
2024-09-26 17:49:57,964 [INFO] IPUIPlugin:80 - create IPUIPlugin
2024-09-26 17:49:57,964 [INFO] PluginManager:220 - loadIPPluginJar : add quadspi
2024-09-26 17:49:57,982 [INFO] IPUIPlugin:80 - create IPUIPlugin
2024-09-26 17:49:57,984 [INFO] PluginManager:220 - loadIPPluginJar : add radio
2024-09-26 17:49:57,994 [INFO] IPUIPlugin:80 - create IPUIPlugin
2024-09-26 17:49:57,994 [INFO] PluginManager:220 - loadIPPluginJar : add resmgrutility
2024-09-26 17:49:58,036 [INFO] IPUIPlugin:80 - create IPUIPlugin
2024-09-26 17:49:58,036 [INFO] PluginManager:220 - loadIPPluginJar : add sai
2024-09-26 17:49:58,080 [INFO] IPUIPlugin:80 - create IPUIPlugin
2024-09-26 17:49:58,081 [INFO] PluginManager:220 - loadIPPluginJar : add spi
2024-09-26 17:49:58,150 [INFO] IPUIPlugin:80 - create IPUIPlugin
2024-09-26 17:49:58,150 [INFO] PluginManager:220 - loadIPPluginJar : add stm32_wpan
2024-09-26 17:49:58,173 [INFO] IPUIPlugin:80 - create IPUIPlugin
2024-09-26 17:49:58,173 [INFO] PluginManager:220 - loadIPPluginJar : add tim
2024-09-26 17:49:58,234 [INFO] IPUIPlugin:80 - create IPUIPlugin
2024-09-26 17:49:58,234 [INFO] PluginManager:220 - loadIPPluginJar : add touchsensing
2024-09-26 17:49:58,257 [INFO] IPUIPlugin:80 - create IPUIPlugin
2024-09-26 17:49:58,257 [INFO] PluginManager:220 - loadIPPluginJar : add tracer_emb
2024-09-26 17:49:58,280 [INFO] IPUIPlugin:80 - create IPUIPlugin
2024-09-26 17:49:58,280 [INFO] PluginManager:220 - loadIPPluginJar : add ts
2024-09-26 17:49:58,302 [INFO] IPUIPlugin:80 - create IPUIPlugin
2024-09-26 17:49:58,302 [INFO] PluginManager:220 - loadIPPluginJar : add tsc
2024-09-26 17:49:58,323 [INFO] IPUIPlugin:80 - create IPUIPlugin
2024-09-26 17:49:58,323 [INFO] PluginManager:220 - loadIPPluginJar : add ucpd
2024-09-26 17:49:58,368 [INFO] IPUIPlugin:80 - create IPUIPlugin
2024-09-26 17:49:58,368 [INFO] PluginManager:220 - loadIPPluginJar : add usart
2024-09-26 17:49:58,412 [INFO] IPUIPlugin:80 - create IPUIPlugin
2024-09-26 17:49:58,412 [INFO] PluginManager:220 - loadIPPluginJar : add usbx
2024-09-26 17:49:58,530 [INFO] CADModel:165 - CPN selected for project level
2024-09-26 17:49:58,530 [INFO] CADModel:114 - Register for checkConnection events
2024-09-26 17:49:58,530 [FATAL] Updater:334 - Updater called before beeing initialized
2024-09-26 17:49:58,530 [ERROR] CADModel:125 - Updater not yet initialized, retry later 
2024-09-26 17:49:58,630 [INFO] CADModel:165 - CPN selected for project level
2024-09-26 17:49:58,630 [INFO] CADModel:114 - Register for checkConnection events
2024-09-26 17:49:58,630 [FATAL] Updater:334 - Updater called before beeing initialized
2024-09-26 17:49:58,631 [ERROR] CADModel:125 - Updater not yet initialized, retry later 
2024-09-26 17:49:58,634 [FATAL] Updater:334 - Updater called before beeing initialized
2024-09-26 17:49:58,715 [FATAL] Updater:334 - Updater called before beeing initialized
2024-09-26 17:49:58,724 [INFO] DbMcusAds:53 - JSON generation date=Fri Sep 20 15:04:23 CEST 2024 (1726837463098)
2024-09-26 17:49:58,724 [FATAL] Updater:334 - Updater called before beeing initialized
2024-09-26 17:49:58,753 [WARN] DetailPanel:346 - Failed to get advertising image, set to default
2024-09-26 17:49:58,810 [FATAL] Updater:334 - Updater called before beeing initialized
2024-09-26 17:49:58,811 [FATAL] Updater:334 - Updater called before beeing initialized
2024-09-26 17:49:58,811 [FATAL] Updater:334 - Updater called before beeing initialized
2024-09-26 17:49:58,812 [WARN] DetailPanel:346 - Failed to get advertising image, set to default
2024-09-26 17:49:58,812 [FATAL] Updater:334 - Updater called before beeing initialized
2024-09-26 17:49:58,860 [ERROR] Updater:1164 - MainUpdater not yet initialized. External WinMGr cannot be set.
2024-09-26 17:49:58,870 [INFO] Updater:1100 - Updater Version found : 6.12.1
2024-09-26 17:49:58,894 [INFO] ApplicationProperties:184 - Using Application install path: C:\ST\STM32CubeIDE_1.16.0\STM32CubeIDE\plugins\com.st.stm32cube.common.mx_6.12.1.202409122256
2024-09-26 17:49:59,197 [INFO] ThirdPartyUpdaterWithRetryManager:70 - Updater plugin not ready yet. [2/15]
2024-09-26 17:50:00,472 [ERROR] LogOutputStream:75 - [STDERR_REDIRECT] Sep 26, 2024 5:50:00 PM java.util.prefs.WindowsPreferences <init>
2024-09-26 17:50:00,473 [ERROR] LogOutputStream:75 - [STDERR_REDIRECT] WARNING: Could not open/create prefs root node Software\JavaSoft\Prefs at root 0xffffffff80000002. Windows RegCreateKeyEx(...) returned error code 5.
2024-09-26 17:50:00,473 [ERROR] LogOutputStream:75 - [STDERR_REDIRECT] 
2024-09-26 17:50:00,883 [INFO] MainUpdater:2873 - connection check result : 10
2024-09-26 17:50:00,884 [INFO] MainUpdater:3567 - Updater definition file requires update
2024-09-26 17:50:00,884 [INFO] MainUpdater:290 - Updater Check For Update Now.
2024-09-26 17:50:00,885 [INFO] MicroXplorer:498 - Change Database Version : DB.6.0.121
2024-09-26 17:50:00,896 [INFO] McuFinderGlobals:63 - Set McuFinder mode to 2 (CubeIDE integrated)
2024-09-26 17:50:00,900 [INFO] UserAuth:417 - Internet connection configuration mode: 1
2024-09-26 17:50:00,920 [INFO] JxBrowserEngine:152 - Initiate JxBrowser Engine with user profile folder
2024-09-26 17:50:00,979 [INFO] ServerAccessManage:473 - Download File updaters.zip
2024-09-26 17:50:01,077 [INFO] FileExtend:240 - Unzip File : updaters.zip
2024-09-26 17:50:01,077 [INFO] FileExtend:255 - Standard Zip Deflate
2024-09-26 17:50:01,493 [INFO] ServerAccessManage:473 - Download File PacksControlFlags.xml
2024-09-26 17:50:01,630 [INFO] ServerAccessManage:473 - Download File cubemx.pidx
2024-09-26 17:50:02,198 [WARN] MainUpdater:1194 - Updater busy. Cannot search thirdparties
2024-09-26 17:50:02,198 [INFO] ThirdPartyUpdaterWithRetryManager:96 - Updater plugin is busy. [1/15]
2024-09-26 17:50:02,318 [INFO] ServerAccessManage:473 - Download File STMicroelectronics.X-CUBE-NFC9.pdsc
2024-09-26 17:50:02,565 [INFO] ServerAccessManage:473 - Download File STMicroelectronics.X-CUBE-NFC10.pdsc
2024-09-26 17:50:03,266 [WARN] PackLoader:240 - Cannot read IP mode file for STMicroelectronics.X-CUBE-NFC9.1.0.0
2024-09-26 17:50:03,273 [WARN] PackLoader:240 - Cannot read IP mode file for STMicroelectronics.X-CUBE-NFC10.1.0.0
2024-09-26 17:50:03,276 [INFO] PopulateThirdPartyThread:66 - Ending populate Thread
2024-09-26 17:50:03,277 [INFO] ThirdParty:1030 - CMSIS Pack Vendor :STMicroelectronics X-CUBE-NFC9 1.0.0
2024-09-26 17:50:03,277 [INFO] ThirdParty:1030 - CMSIS Pack Vendor :STMicroelectronics X-CUBE-NFC10 1.0.0
2024-09-26 17:50:03,277 [INFO] LoadServerUpdatesThread:375 - End of LoadServerUpdate Thread
2024-09-26 17:50:03,347 [INFO] CheckServerUpdateThread:120 - End of CheckServer Thread
2024-09-26 17:50:04,291 [INFO] WebApp:167 - Instantiating new browser for Auth
2024-09-26 17:50:04,861 [INFO] WebApp:448 - Apply proxy settings
2024-09-26 17:50:04,861 [INFO] WebApp:533 - Chromium requires no authentication
2024-09-26 17:50:04,869 [INFO] WebApp:476 - Direct internet connection detected
2024-09-26 17:50:04,894 [INFO] WebApp:869 - Register for checkConnection events
2024-09-26 17:50:04,894 [INFO] WebApp:448 - Apply proxy settings
2024-09-26 17:50:04,895 [INFO] WebApp:533 - Chromium requires no authentication
2024-09-26 17:50:04,895 [INFO] WebApp:476 - Direct internet connection detected
2024-09-26 17:50:05,041 [INFO] WebApp:220 - Starting web application
2024-09-26 17:50:05,041 [INFO] WebApp:578 - Web application path used C:\ST\STM32CubeIDE_1.16.0\STM32CubeIDE\plugins\com.st.stm32cube.common.mx_6.12.1.202409122256\db\plugins\mcufinder\reactClient1\index.html
2024-09-26 17:50:05,146 [INFO] WebApp:186 - Connection restablished
2024-09-26 17:50:05,149 [INFO] UserAuth:417 - Internet connection configuration mode: 1
2024-09-26 17:50:05,386 [WARN] PackLoader:240 - Cannot read IP mode file for STMicroelectronics.FP-SNS-MOTENVWB1.1.4.0
2024-09-26 17:50:05,401 [WARN] PackLoader:240 - Cannot read IP mode file for STMicroelectronics.X-CUBE-SMBUS.2.1.0
2024-09-26 17:50:05,439 [WARN] PackLoader:240 - Cannot read IP mode file for STMicroelectronics.X-CUBE-AZRTOS-F7.1.1.0
2024-09-26 17:50:05,526 [WARN] PackLoader:240 - Cannot read IP mode file for STMicroelectronics.X-CUBE-MEMS1.11.0.0
2024-09-26 17:50:05,639 [WARN] PackLoader:240 - Cannot read IP mode file for STMicroelectronics.FP-SNS-FLIGHT1.5.0.2
2024-09-26 17:50:05,655 [WARN] PackLoader:240 - Cannot read IP mode file for STMicroelectronics.X-CUBE-DISPLAY.3.0.0
2024-09-26 17:50:05,669 [WARN] PackLoader:240 - Cannot read IP mode file for STMicroelectronics.X-CUBE-BLE1.7.0.0
2024-09-26 17:50:05,674 [WARN] PackLoader:240 - Cannot read IP mode file for STMicroelectronics.X-CUBE-NFC10.1.0.0
2024-09-26 17:50:05,688 [WARN] PackLoader:240 - Cannot read IP mode file for emotas.I-CUBE-CANOPEN.1.3.0
2024-09-26 17:50:05,702 [WARN] PackLoader:240 - Cannot read IP mode file for STMicroelectronics.X-CUBE-BLEMGR.3.1.0
2024-09-26 17:50:05,719 [WARN] PackLoader:240 - Cannot read IP mode file for STMicroelectronics.FP-SNS-SMARTAG2.1.2.0
2024-09-26 17:50:05,739 [INFO] LogOutputStream:77 - [STDOUT_REDIRECT] 1 : Invalid condition id : UX_CORESTACK_Condition cause : null
2024-09-26 17:50:05,740 [INFO] LogOutputStream:77 - [STDOUT_REDIRECT] 1 : Invalid condition id : UX_CORESTACK_Condition cause : null
2024-09-26 17:50:05,742 [INFO] LogOutputStream:77 - [STDOUT_REDIRECT] 1 : Invalid condition id : UX_CORESTACK_Condition cause : null
2024-09-26 17:50:05,743 [INFO] LogOutputStream:77 - [STDOUT_REDIRECT] 1 : Invalid condition id : UX_CORESTACK_Condition cause : null
2024-09-26 17:50:05,744 [INFO] LogOutputStream:77 - [STDOUT_REDIRECT] 1 : Invalid condition id : UX_CORESTACK_Condition cause : null
2024-09-26 17:50:05,747 [WARN] PackLoader:240 - Cannot read IP mode file for STMicroelectronics.X-CUBE-AZRTOS-WL.2.0.0
2024-09-26 17:50:05,764 [WARN] PackLoader:240 - Cannot read IP mode file for STMicroelectronics.FP-SNS-MOTENV1.5.0.0
2024-09-26 17:50:05,772 [WARN] PackLoader:240 - Cannot read IP mode file for wolfSSL.I-CUBE-wolfMQTT.1.19.0
2024-09-26 17:50:05,791 [WARN] PackLoader:240 - Cannot read IP mode file for WES.I-CUBE-Cesium.1.3.0
2024-09-26 17:50:05,809 [WARN] PackLoader:240 - Cannot read IP mode file for STMicroelectronics.X-CUBE-BLE2.3.3.0
2024-09-26 17:50:05,817 [WARN] PackLoader:240 - Cannot read IP mode file for STMicroelectronics.X-CUBE-NFC9.1.0.0
2024-09-26 17:50:05,838 [WARN] PackLoader:240 - Cannot read IP mode file for STMicroelectronics.X-CUBE-TCPP.4.1.0
2024-09-26 17:50:05,877 [WARN] PackLoader:240 - Cannot read IP mode file for STMicroelectronics.X-CUBE-AZRTOS-G0.1.1.0
2024-09-26 17:50:05,898 [WARN] PackLoader:240 - Cannot read IP mode file for STMicroelectronics.X-CUBE-SAFEA1.1.2.2
2024-09-26 17:50:05,915 [WARN] PackLoader:240 - Cannot read IP mode file for STMicroelectronics.X-CUBE-NFC4.3.0.0
2024-09-26 17:50:05,935 [WARN] PackLoader:240 - Cannot read IP mode file for EmbeddedOffice.I-CUBE-FS-RTOS.1.0.1
2024-09-26 17:50:05,935 [ERROR] ConditionMgr:805 - Attr not supported : Dmpu
2024-09-26 17:50:05,935 [ERROR] ConditionMgr:805 - Attr not supported : Dmpu
2024-09-26 17:50:05,935 [ERROR] ConditionMgr:805 - Attr not supported : Dmpu
2024-09-26 17:50:05,936 [ERROR] ConditionMgr:805 - Attr not supported : Dmpu
2024-09-26 17:50:05,936 [ERROR] ConditionMgr:805 - Attr not supported : Dmpu
2024-09-26 17:50:05,936 [ERROR] ConditionMgr:805 - Attr not supported : Dmpu
2024-09-26 17:50:05,936 [ERROR] ConditionMgr:805 - Attr not supported : Dmpu
2024-09-26 17:50:05,936 [ERROR] ConditionMgr:805 - Attr not supported : Dmpu
2024-09-26 17:50:05,936 [ERROR] ConditionMgr:805 - Attr not supported : Dmpu
2024-09-26 17:50:05,936 [ERROR] ConditionMgr:805 - Attr not supported : Dmpu
2024-09-26 17:50:05,936 [ERROR] ConditionMgr:805 - Attr not supported : Dmpu
2024-09-26 17:50:05,936 [ERROR] ConditionMgr:805 - Attr not supported : Dmpu
2024-09-26 17:50:05,937 [ERROR] ConditionMgr:805 - Attr not supported : Dmpu
2024-09-26 17:50:05,937 [ERROR] ConditionMgr:805 - Attr not supported : Dmpu
2024-09-26 17:50:05,937 [ERROR] ConditionMgr:805 - Attr not supported : Dmpu
2024-09-26 17:50:05,937 [ERROR] ConditionMgr:805 - Attr not supported : Dmpu
2024-09-26 17:50:05,937 [ERROR] ConditionMgr:805 - Attr not supported : Dmpu
2024-09-26 17:50:05,937 [ERROR] ConditionMgr:805 - Attr not supported : Dmpu
2024-09-26 17:50:05,937 [ERROR] ConditionMgr:805 - Attr not supported : Dmpu
2024-09-26 17:50:05,937 [ERROR] ConditionMgr:805 - Attr not supported : Dmpu
2024-09-26 17:50:05,937 [ERROR] ConditionMgr:805 - Attr not supported : Dmpu
2024-09-26 17:50:05,937 [ERROR] ConditionMgr:805 - Attr not supported : Dmpu
2024-09-26 17:50:05,937 [ERROR] ConditionMgr:805 - Attr not supported : Dmpu
2024-09-26 17:50:05,937 [ERROR] ConditionMgr:805 - Attr not supported : Dmpu
2024-09-26 17:50:05,937 [ERROR] ConditionMgr:805 - Attr not supported : Dmpu
2024-09-26 17:50:05,938 [ERROR] ConditionMgr:805 - Attr not supported : Dmpu
2024-09-26 17:50:05,938 [ERROR] ConditionMgr:805 - Attr not supported : Dmpu
2024-09-26 17:50:05,938 [ERROR] ConditionMgr:805 - Attr not supported : Dmpu
2024-09-26 17:50:05,938 [ERROR] ConditionMgr:805 - Attr not supported : Dmpu
2024-09-26 17:50:05,938 [ERROR] ConditionMgr:805 - Attr not supported : Dmpu
2024-09-26 17:50:05,938 [ERROR] ConditionMgr:805 - Attr not supported : Dmpu
2024-09-26 17:50:05,938 [ERROR] ConditionMgr:805 - Attr not supported : Dmpu
2024-09-26 17:50:05,938 [ERROR] ConditionMgr:805 - Attr not supported : Dmpu
2024-09-26 17:50:05,938 [ERROR] ConditionMgr:805 - Attr not supported : Dmpu
2024-09-26 17:50:05,938 [ERROR] ConditionMgr:805 - Attr not supported : Dmpu
2024-09-26 17:50:05,938 [ERROR] ConditionMgr:805 - Attr not supported : Dmpu
2024-09-26 17:50:05,939 [ERROR] ConditionMgr:805 - Attr not supported : Dmpu
2024-09-26 17:50:05,939 [ERROR] ConditionMgr:805 - Attr not supported : Dmpu
2024-09-26 17:50:05,939 [ERROR] ConditionMgr:805 - Attr not supported : Dmpu
2024-09-26 17:50:05,939 [ERROR] ConditionMgr:805 - Attr not supported : Dmpu
2024-09-26 17:50:05,939 [ERROR] ConditionMgr:805 - Attr not supported : Dmpu
2024-09-26 17:50:05,939 [ERROR] ConditionMgr:805 - Attr not supported : Dmpu
2024-09-26 17:50:05,939 [ERROR] ConditionMgr:805 - Attr not supported : Dmpu
2024-09-26 17:50:05,939 [ERROR] ConditionMgr:805 - Attr not supported : Dmpu
2024-09-26 17:50:05,940 [ERROR] ConditionMgr:805 - Attr not supported : Dmpu
2024-09-26 17:50:05,940 [ERROR] ConditionMgr:805 - Attr not supported : Dmpu
2024-09-26 17:50:05,940 [ERROR] ConditionMgr:805 - Attr not supported : Dmpu
2024-09-26 17:50:05,940 [ERROR] ConditionMgr:805 - Attr not supported : Dmpu
2024-09-26 17:50:05,940 [ERROR] ConditionMgr:805 - Attr not supported : Dmpu
2024-09-26 17:50:05,940 [ERROR] ConditionMgr:805 - Attr not supported : Dmpu
2024-09-26 17:50:05,940 [ERROR] ConditionMgr:805 - Attr not supported : Dmpu
2024-09-26 17:50:05,940 [ERROR] ConditionMgr:805 - Attr not supported : Dmpu
2024-09-26 17:50:05,940 [ERROR] ConditionMgr:805 - Attr not supported : Dmpu
2024-09-26 17:50:05,940 [ERROR] ConditionMgr:805 - Attr not supported : Dmpu
2024-09-26 17:50:05,940 [ERROR] ConditionMgr:805 - Attr not supported : Dmpu
2024-09-26 17:50:05,941 [ERROR] ConditionMgr:805 - Attr not supported : Dmpu
2024-09-26 17:50:05,941 [ERROR] ConditionMgr:805 - Attr not supported : Dmpu
2024-09-26 17:50:05,941 [ERROR] ConditionMgr:805 - Attr not supported : Dmpu
2024-09-26 17:50:05,941 [ERROR] ConditionMgr:805 - Attr not supported : Dmpu
2024-09-26 17:50:05,941 [ERROR] ConditionMgr:805 - Attr not supported : Dmpu
2024-09-26 17:50:05,941 [ERROR] ConditionMgr:805 - Attr not supported : Dmpu
2024-09-26 17:50:05,941 [ERROR] ConditionMgr:805 - Attr not supported : Dmpu
2024-09-26 17:50:05,941 [ERROR] ConditionMgr:805 - Attr not supported : Dmpu
2024-09-26 17:50:05,941 [ERROR] ConditionMgr:805 - Attr not supported : Dmpu
2024-09-26 17:50:05,953 [WARN] PackLoader:240 - Cannot read IP mode file for RealThread.X-CUBE-RT-Thread_Nano.4.1.1
2024-09-26 17:50:05,957 [WARN] PackLoader:240 - Cannot read IP mode file for STMicroelectronics.FP-ATR-SIGFOX1.3.2.0
2024-09-26 17:50:05,969 [WARN] PackLoader:240 - Cannot read IP mode file for wolfSSL.I-CUBE-wolfSSL.5.7.2
2024-09-26 17:50:05,983 [WARN] PackLoader:240 - Cannot read IP mode file for STMicroelectronics.X-CUBE-EEPRMA1.5.1.0
2024-09-26 17:50:05,995 [WARN] PackLoader:240 - Cannot read IP mode file for ITTIA_DB.I-CUBE-ITTIADB.8.9.0
2024-09-26 17:50:06,024 [WARN] PackLoader:240 - Cannot read IP mode file for SEGGER.I-CUBE-embOS.1.3.1
2024-09-26 17:50:06,056 [WARN] PackLoader:240 - Cannot read IP mode file for STMicroelectronics.X-CUBE-ALGOBUILD.1.4.0
2024-09-26 17:50:06,067 [WARN] PackLoader:240 - Cannot read IP mode file for STMicroelectronics.X-CUBE-GNSS1.6.0.0
2024-09-26 17:50:06,087 [WARN] PackLoader:240 - Cannot read IP mode file for STMicroelectronics.X-CUBE-AZRTOS-F4.1.1.0
2024-09-26 17:50:06,099 [WARN] PackLoader:240 - Cannot read IP mode file for STMicroelectronics.X-CUBE-ISPU.2.1.0
2024-09-26 17:50:06,112 [WARN] PackLoader:240 - Cannot read IP mode file for STMicroelectronics.X-CUBE-FREERTOS.1.2.0
2024-09-26 17:50:06,137 [WARN] PackLoader:240 - Cannot read IP mode file for STMicroelectronics.X-CUBE-AZRTOS-L5.2.0.0
2024-09-26 17:50:06,156 [WARN] PackLoader:240 - Cannot read IP mode file for STMicroelectronics.X-CUBE-NFC6.3.1.0
2024-09-26 17:50:06,171 [WARN] PackLoader:240 - Cannot read IP mode file for STMicroelectronics.X-CUBE-DPower.1.2.0
2024-09-26 17:50:06,183 [WARN] PackLoader:240 - Cannot read IP mode file for STMicroelectronics.X-CUBE-AI.9.0.0
2024-09-26 17:50:06,194 [WARN] PackLoader:240 - Cannot read IP mode file for STMicroelectronics.X-CUBE-NFC7.1.0.1
2024-09-26 17:50:06,199 [WARN] PackLoader:240 - Cannot read IP mode file for wolfSSL.I-CUBE-wolfTPM.3.2.0
2024-09-26 17:50:06,221 [WARN] ConditionMgr:438 - getConditionDescription Invalid condition id : LAN8742 Phy interface Condition cause : null
2024-09-26 17:50:06,221 [WARN] PackLoader:240 - Cannot read IP mode file for STMicroelectronics.X-CUBE-AZRTOS-L4.2.0.0
2024-09-26 17:50:06,222 [WARN] ConditionMgr:1039 - genDependencies : Invalid condition id : LAN8742 Phy interface Condition cause : null
2024-09-26 17:50:06,222 [WARN] ConditionMgr:1039 - genDependencies : Invalid condition id : LAN8742 Phy interface Condition cause : null
2024-09-26 17:50:06,223 [WARN] ConditionMgr:1039 - genDependencies : Invalid condition id : LAN8742 Phy interface Condition cause : null
2024-09-26 17:50:06,239 [WARN] PackLoader:240 - Cannot read IP mode file for STMicroelectronics.X-CUBE-SFXS2LP1.4.0.0
2024-09-26 17:50:06,261 [WARN] PackLoader:240 - Cannot read IP mode file for STMicroelectronics.X-CUBE-AZRTOS-H7.3.3.0
2024-09-26 17:50:06,283 [WARN] ConditionMgr:438 - getConditionDescription Invalid condition id : UX DEVICE CLASS RTOS Condition cause : null
2024-09-26 17:50:06,283 [WARN] ConditionMgr:438 - getConditionDescription Invalid condition id : UX DEVICE CLASS RTOS Condition cause : null
2024-09-26 17:50:06,284 [WARN] PackLoader:240 - Cannot read IP mode file for STMicroelectronics.X-CUBE-AZRTOS-WB.2.0.0
2024-09-26 17:50:06,284 [WARN] ConditionMgr:1039 - genDependencies : Invalid condition id : UX DEVICE CLASS RTOS Condition cause : null
2024-09-26 17:50:06,285 [WARN] ConditionMgr:1039 - genDependencies : Invalid condition id : UX DEVICE CLASS RTOS Condition cause : null
2024-09-26 17:50:06,285 [WARN] ConditionMgr:1039 - genDependencies : Invalid condition id : UX DEVICE CLASS RTOS Condition cause : null
2024-09-26 17:50:06,286 [WARN] ConditionMgr:1039 - genDependencies : Invalid condition id : UX DEVICE CLASS RTOS Condition cause : null
2024-09-26 17:50:06,286 [WARN] ConditionMgr:1039 - genDependencies : Invalid condition id : UX DEVICE CLASS RTOS Condition cause : null
2024-09-26 17:50:06,298 [WARN] PackLoader:240 - Cannot read IP mode file for STMicroelectronics.X-CUBE-GNSS1.7.0.0
2024-09-26 17:50:06,311 [WARN] PackLoader:240 - Cannot read IP mode file for STMicroelectronics.FP-SNS-STBOX1.2.0.0
2024-09-26 17:50:06,330 [WARN] PackLoader:240 - Cannot read IP mode file for STMicroelectronics.X-CUBE-SUBG2.5.0.0
2024-09-26 17:50:06,337 [WARN] PackLoader:240 - Cannot read IP mode file for Cesanta.I-CUBE-Mongoose.7.13.0
2024-09-26 17:50:06,357 [WARN] PackLoader:240 - Cannot read IP mode file for STMicroelectronics.X-CUBE-AZRTOS-G4.2.0.0
2024-09-26 17:50:06,372 [WARN] PackLoader:240 - Cannot read IP mode file for STMicroelectronics.X-CUBE-ISPU.2.0.0
2024-09-26 17:50:06,386 [WARN] PackLoader:240 - Cannot read IP mode file for STMicroelectronics.X-CUBE-ALS.1.0.2
2024-09-26 17:50:06,421 [WARN] PackLoader:240 - Cannot read IP mode file for STMicroelectronics.X-CUBE-MEMS1.10.0.0
2024-09-26 17:50:06,492 [WARN] PackLoader:240 - Cannot read IP mode file for STMicroelectronics.X-CUBE-TOUCHGFX.4.24.0
2024-09-26 17:50:06,504 [WARN] PackLoader:240 - Cannot read IP mode file for STMicroelectronics.X-CUBE-TOUCHGFX.4.24.1
2024-09-26 17:50:06,517 [WARN] PackLoader:240 - Cannot read IP mode file for portGmbH.I-Cube-SoM-uGOAL.1.1.0
2024-09-26 17:50:06,539 [WARN] PackLoader:240 - Cannot read IP mode file for STMicroelectronics.X-CUBE-AZRTOS-H7RS.1.0.0
2024-09-26 17:50:06,548 [WARN] PackLoader:240 - Cannot read IP mode file for STMicroelectronics.FP-ATR-ASTRA1.2.0.0
2024-09-26 17:50:06,566 [WARN] PackLoader:240 - Cannot read IP mode file for STMicroelectronics.X-CUBE-TOF1.3.4.2
2024-09-26 17:50:06,593 [WARN] PackLoader:240 - Cannot read IP mode file for STMicroelectronics.X-CUBE-TOF1.3.4.1
2024-09-26 17:50:06,631 [WARN] PackLoader:240 - Cannot read IP mode file for STMicroelectronics.X-CUBE-AZRTOS-H7.3.2.0
2024-09-26 17:50:06,654 [WARN] PackLoader:240 - Cannot read IP mode file for Infineon.AIROC-Wi-Fi-Bluetooth-STM32.1.6.0
2024-09-26 17:50:06,661 [WARN] PackLoader:240 - Cannot read IP mode file for wolfSSL.I-CUBE-wolfSSH.1.4.17
2024-09-26 17:50:06,661 [INFO] ThirdParty:978 - Integrity check success = true
2024-09-26 17:50:06,661 [INFO] IntegrityCheckThread:100 - exiting critical section [integrity check]
2024-09-26 17:50:06,661 [INFO] IntegrityCheckThread:103 - End integrity checks thread
2024-09-26 18:08:01,370 [INFO] WebApp:189 - Connection lost
2024-09-26 18:08:01,569 [INFO] WebApp:186 - Connection restablished
2024-09-26 18:09:23,857 [INFO] WebApp:189 - Connection lost
2024-09-26 18:09:24,033 [INFO] WebApp:186 - Connection restablished
2024-09-26 18:09:46,876 [INFO] WebApp:189 - Connection lost
2024-09-26 18:09:47,101 [INFO] WebApp:186 - Connection restablished
2024-09-26 18:09:59,878 [INFO] WebApp:189 - Connection lost
2024-09-26 18:10:00,023 [INFO] WebApp:186 - Connection restablished
2024-09-26 18:10:32,872 [INFO] WebApp:189 - Connection lost
2024-09-26 18:10:33,045 [INFO] WebApp:186 - Connection restablished
2024-09-26 18:11:26,879 [INFO] WebApp:189 - Connection lost
2024-09-26 18:11:27,141 [INFO] WebApp:186 - Connection restablished
2024-09-26 18:12:20,866 [INFO] WebApp:189 - Connection lost
2024-09-26 18:12:21,034 [INFO] WebApp:186 - Connection restablished
2024-09-26 18:12:52,360 [INFO] WebApp:189 - Connection lost
2024-09-26 18:12:52,544 [INFO] WebApp:186 - Connection restablished
2024-09-26 18:14:20,878 [INFO] WebApp:189 - Connection lost
2024-09-26 18:14:21,046 [INFO] WebApp:186 - Connection restablished
2024-09-26 19:36:37,890 [ERROR] LogOutputStream:75 - [STDERR_REDIRECT] 
2024-09-26 19:36:37,890 [ERROR] LogOutputStream:75 - [STDERR_REDIRECT] 
